#
# A fatal error has been detected by the Java Runtime Environment:
#
#  EXCEPTION_ACCESS_VIOLATION (0xc0000005) at pc=0x00007ffc78c32224, pid=5140, tid=7024
#
# JRE version: Java(TM) SE Runtime Environment (8.0_91-b14) (build 1.8.0_91-b14)
# Java VM: Java HotSpot(TM) 64-Bit Server VM (25.91-b14 mixed mode windows-amd64 compressed oops)
# Problematic frame:
# C  [OPENGL32.dll+0xe2224]
#
# Failed to write core dump. Minidumps are not enabled by default on client versions of Windows
#
# If you would like to submit a bug report, please visit:
#   http://bugreport.java.com/bugreport/crash.jsp
#

---------------  T H R E A D  ---------------

Current thread (0x0000000016547800):  VMThread [stack: 0x00000000175f0000,0x00000000176f0000] [id=7024]

siginfo: ExceptionCode=0xc0000005, reading address 0x0000000000000a38

Registers:
RAX=0x0000000000000000, RBX=0x0000000029600330, RCX=0x0000000000000001, RDX=0x0000000029600338
RSP=0x00000000176ef5a8, RBP=0x0000000000000000, RSI=0x0000000029601b20, RDI=0x0000000029601b20
R8 =0x00000000176ef628, R9 =0x00000000022bfa50, R10=0x0000000000000042, R11=0x0000000000000000
R12=0x0000000000000000, R13=0x0000000029376b78, R14=0x0000000029376a30, R15=0x0000000000000000
RIP=0x00007ffc78c32224, EFLAGS=0x0000000000010287

Top of Stack: (sp=0x00000000176ef5a8)
0x00000000176ef5a8:   00007ffc4c69455b 0000000000000001
0x00000000176ef5b8:   0000000029600338 00000000176ef628
0x00000000176ef5c8:   00000000022bfa50 0000000000000000
0x00000000176ef5d8:   00007ffc4c699c17 0000000000000000
0x00000000176ef5e8:   0000000000000000 0000000029376b60
0x00000000176ef5f8:   00007ffc4c698f83 fffffffffffffffe
0x00000000176ef608:   00000000176ef670 0000000000000000
0x00000000176ef618:   00007ffc4c69a4c9 0000000029601b20
0x00000000176ef628:   000000002937aad0 00000000022bfa50
0x00000000176ef638:   00007ffc4c707258 fffffffffffffffe
0x00000000176ef648:   0000000029379090 0000000000000001
0x00000000176ef658:   0000000029376b58 0000000029376a30
0x00000000176ef668:   00007ffc4c70f37d 00007ffc4c83b890
0x00000000176ef678:   00007ffc4c775280 00000000022bfa50
0x00000000176ef688:   00007ffc8fc70ad9 0000000029376b58
0x00000000176ef698:   0000000029376a30 0000000029376a30 

Instructions: (pc=0x00007ffc78c32224)
0x00007ffc78c32204:   cc cc cc cc cc cc 66 0f 1f 44 00 00 8b 05 f2 7d
0x00007ffc78c32214:   01 00 83 f8 40 73 0f 65 48 8b 04 c5 80 14 00 00
0x00007ffc78c32224:   ff a0 38 0a 00 00 b8 47 01 00 00 e9 ec d4 ff ff
0x00007ffc78c32234:   cc cc cc cc cc cc 66 0f 1f 44 00 00 8b 05 c2 7d 


Register to memory mapping:

RAX=0x0000000000000000 is an unknown value
RBX=0x0000000029600330 is an unknown value
RCX=0x0000000000000001 is an unknown value
RDX=0x0000000029600338 is an unknown value
RSP=0x00000000176ef5a8 is an unknown value
RBP=0x0000000000000000 is an unknown value
RSI=0x0000000029601b20 is an unknown value
RDI=0x0000000029601b20 is an unknown value
R8 =0x00000000176ef628 is an unknown value
R9 =0x00000000022bfa50 is an unknown value
R10=0x0000000000000042 is an unknown value
R11=0x0000000000000000 is an unknown value
R12=0x0000000000000000 is an unknown value
R13=0x0000000029376b78 is an unknown value
R14=0x0000000029376a30 is an unknown value
R15=0x0000000000000000 is an unknown value


Stack: [0x00000000175f0000,0x00000000176f0000],  sp=0x00000000176ef5a8,  free space=1021k
Native frames: (J=compiled Java code, j=interpreted, Vv=VM code, C=native code)

VM_Operation (0x000000000221ee40): Exit, mode: safepoint, requested by thread 0x0000000002220800


---------------  P R O C E S S  ---------------

Java Threads: ( => current thread )
  0x0000000025b4d800 JavaThread "AWT-EventQueue-0" [_thread_blocked, id=24324, stack(0x00000000338c0000,0x00000000339c0000)]
  0x00000000182c5000 JavaThread "AWT-Shutdown" [_thread_blocked, id=23832, stack(0x00000000333b0000,0x00000000334b0000)]
  0x00000000182b9800 JavaThread "Java2D Disposer" daemon [_thread_blocked, id=21640, stack(0x00000000245e0000,0x00000000246e0000)]
  0x0000000022ecb800 JavaThread "Thread-2" daemon [_thread_in_native, id=23588, stack(0x0000000022c20000,0x0000000022d20000)]
  0x0000000017ef6000 JavaThread "Service Thread" daemon [_thread_blocked, id=22988, stack(0x00000000182d0000,0x00000000183d0000)]
  0x0000000016583800 JavaThread "C1 CompilerThread2" daemon [_thread_blocked, id=15464, stack(0x0000000017dd0000,0x0000000017ed0000)]
  0x0000000016580000 JavaThread "C2 CompilerThread1" daemon [_thread_blocked, id=10984, stack(0x0000000017cd0000,0x0000000017dd0000)]
  0x000000001657d000 JavaThread "C2 CompilerThread0" daemon [_thread_blocked, id=21056, stack(0x0000000017bd0000,0x0000000017cd0000)]
  0x000000001657b800 JavaThread "Attach Listener" daemon [_thread_blocked, id=22516, stack(0x0000000017ad0000,0x0000000017bd0000)]
  0x000000001657a800 JavaThread "Signal Dispatcher" daemon [_thread_blocked, id=23616, stack(0x00000000179d0000,0x0000000017ad0000)]
  0x000000001656a800 JavaThread "Finalizer" daemon [_thread_blocked, id=23732, stack(0x00000000177f0000,0x00000000178f0000)]
  0x000000000230f000 JavaThread "Reference Handler" daemon [_thread_blocked, id=11632, stack(0x00000000176f0000,0x00000000177f0000)]
  0x0000000002220800 JavaThread "main" [_thread_blocked, id=20568, stack(0x0000000002120000,0x0000000002220000)]

Other Threads:
=>0x0000000016547800 VMThread [stack: 0x00000000175f0000,0x00000000176f0000] [id=7024]

VM state:at safepoint (shutting down)

VM Mutex/Monitor currently owned by a thread:  ([mutex/lock_event])
[0x00000000008dc1b0] Threads_lock - owner thread: 0x0000000016547800

Heap:
 PSYoungGen      total 33280K, used 31560K [0x00000000daf00000, 0x00000000df000000, 0x0000000100000000)
  eden space 28672K, 94% used [0x00000000daf00000,0x00000000dc9596e0,0x00000000dcb00000)
  from space 4608K, 99% used [0x00000000dcb00000,0x00000000dcf78920,0x00000000dcf80000)
  to   space 4608K, 0% used [0x00000000deb80000,0x00000000deb80000,0x00000000df000000)
 ParOldGen       total 76800K, used 31691K [0x0000000090c00000, 0x0000000095700000, 0x00000000daf00000)
  object space 76800K, 41% used [0x0000000090c00000,0x0000000092af2ee8,0x0000000095700000)
 Metaspace       used 11791K, capacity 11983K, committed 12160K, reserved 1060864K
  class space    used 1233K, capacity 1314K, committed 1408K, reserved 1048576K

Card table byte_map: [0x00000000116e0000,0x0000000011a60000] byte_map_base: 0x000000001125a000

Marking Bits: (ParMarkBitMap*) 0x000000005ade2f70
 Begin Bits: [0x00000000120c0000, 0x0000000013c90000)
 End Bits:   [0x0000000013c90000, 0x0000000015860000)

Polling page: 0x0000000000470000

CodeCache: size=245760Kb used=5416Kb max_used=5416Kb free=240343Kb
 bounds [0x0000000002320000, 0x0000000002880000, 0x0000000011320000]
 total_blobs=2004 nmethods=1432 adapters=486
 compilation: enabled

Compilation events (10 events):
Event: 39.372 Thread 0x0000000016583800 1428       1       org.lwjgl.input.Keyboard$KeyEvent::access$500 (5 bytes)
Event: 39.372 Thread 0x0000000016583800 nmethod 1428 0x0000000002866f50 code [0x00000000028670a0, 0x0000000002867190]
Event: 41.301 Thread 0x0000000016583800 1429       3       sun.reflect.ReflectionFactory::copyField (10 bytes)
Event: 41.301 Thread 0x0000000016583800 nmethod 1429 0x00000000028665d0 code [0x0000000002866760, 0x0000000002866b48]
Event: 41.301 Thread 0x0000000016583800 1430       3       java.lang.reflect.Field::<init> (44 bytes)
Event: 41.302 Thread 0x0000000016583800 nmethod 1430 0x00000000028660d0 code [0x0000000002866240, 0x00000000028664d0]
Event: 41.389 Thread 0x0000000016583800 1431       3       java.util.zip.ZipFile$ZipFileInflaterInputStream::fill (80 bytes)
Event: 41.390 Thread 0x0000000016583800 nmethod 1431 0x0000000002865950 code [0x0000000002865ae0, 0x0000000002865ee8]
Event: 41.390 Thread 0x0000000016583800 1432   !   3       java.util.zip.ZipFile$ZipFileInputStream::read (131 bytes)
Event: 41.391 Thread 0x0000000016583800 nmethod 1432 0x0000000002864990 code [0x0000000002864b60, 0x00000000028653e8]

GC Heap History (6 events):
Event: 2.135 GC heap before
{Heap before GC invocations=1 (full 0):
 PSYoungGen      total 33280K, used 28672K [0x00000000daf00000, 0x00000000dd400000, 0x0000000100000000)
  eden space 28672K, 100% used [0x00000000daf00000,0x00000000dcb00000,0x00000000dcb00000)
  from space 4608K, 0% used [0x00000000dcf80000,0x00000000dcf80000,0x00000000dd400000)
  to   space 4608K, 0% used [0x00000000dcb00000,0x00000000dcb00000,0x00000000dcf80000)
 ParOldGen       total 76800K, used 0K [0x0000000090c00000, 0x0000000095700000, 0x00000000daf00000)
  object space 76800K, 0% used [0x0000000090c00000,0x0000000090c00000,0x0000000095700000)
 Metaspace       used 8945K, capacity 9163K, committed 9216K, reserved 1056768K
  class space    used 932K, capacity 994K, committed 1024K, reserved 1048576K
Event: 2.146 GC heap after
Heap after GC invocations=1 (full 0):
 PSYoungGen      total 33280K, used 4582K [0x00000000daf00000, 0x00000000dd400000, 0x0000000100000000)
  eden space 28672K, 0% used [0x00000000daf00000,0x00000000daf00000,0x00000000dcb00000)
  from space 4608K, 99% used [0x00000000dcb00000,0x00000000dcf79898,0x00000000dcf80000)
  to   space 4608K, 0% used [0x00000000dcf80000,0x00000000dcf80000,0x00000000dd400000)
 ParOldGen       total 76800K, used 2503K [0x0000000090c00000, 0x0000000095700000, 0x00000000daf00000)
  object space 76800K, 3% used [0x0000000090c00000,0x0000000090e71e48,0x0000000095700000)
 Metaspace       used 8945K, capacity 9163K, committed 9216K, reserved 1056768K
  class space    used 932K, capacity 994K, committed 1024K, reserved 1048576K
}
Event: 2.553 GC heap before
{Heap before GC invocations=2 (full 0):
 PSYoungGen      total 33280K, used 32522K [0x00000000daf00000, 0x00000000dd400000, 0x0000000100000000)
  eden space 28672K, 97% used [0x00000000daf00000,0x00000000dca490f0,0x00000000dcb00000)
  from space 4608K, 99% used [0x00000000dcb00000,0x00000000dcf79898,0x00000000dcf80000)
  to   space 4608K, 0% used [0x00000000dcf80000,0x00000000dcf80000,0x00000000dd400000)
 ParOldGen       total 76800K, used 2503K [0x0000000090c00000, 0x0000000095700000, 0x00000000daf00000)
  object space 76800K, 3% used [0x0000000090c00000,0x0000000090e71e48,0x0000000095700000)
 Metaspace       used 11272K, capacity 11471K, committed 11520K, reserved 1058816K
  class space    used 1201K, capacity 1250K, committed 1280K, reserved 1048576K
Event: 2.558 GC heap after
Heap after GC invocations=2 (full 0):
 PSYoungGen      total 33280K, used 1938K [0x00000000daf00000, 0x00000000dd400000, 0x0000000100000000)
  eden space 28672K, 0% used [0x00000000daf00000,0x00000000daf00000,0x00000000dcb00000)
  from space 4608K, 42% used [0x00000000dcf80000,0x00000000dd164910,0x00000000dd400000)
  to   space 4608K, 0% used [0x00000000dcb00000,0x00000000dcb00000,0x00000000dcf80000)
 ParOldGen       total 76800K, used 2583K [0x0000000090c00000, 0x0000000095700000, 0x00000000daf00000)
  object space 76800K, 3% used [0x0000000090c00000,0x0000000090e85e58,0x0000000095700000)
 Metaspace       used 11272K, capacity 11471K, committed 11520K, reserved 1058816K
  class space    used 1201K, capacity 1250K, committed 1280K, reserved 1048576K
}
Event: 2.694 GC heap before
{Heap before GC invocations=3 (full 0):
 PSYoungGen      total 33280K, used 30610K [0x00000000daf00000, 0x00000000dd400000, 0x0000000100000000)
  eden space 28672K, 100% used [0x00000000daf00000,0x00000000dcb00000,0x00000000dcb00000)
  from space 4608K, 42% used [0x00000000dcf80000,0x00000000dd164910,0x00000000dd400000)
  to   space 4608K, 0% used [0x00000000dcb00000,0x00000000dcb00000,0x00000000dcf80000)
 ParOldGen       total 76800K, used 2583K [0x0000000090c00000, 0x0000000095700000, 0x00000000daf00000)
  object space 76800K, 3% used [0x0000000090c00000,0x0000000090e85e58,0x0000000095700000)
 Metaspace       used 11289K, capacity 11471K, committed 11520K, reserved 1058816K
  class space    used 1201K, capacity 1250K, committed 1280K, reserved 1048576K
Event: 2.710 GC heap after
Heap after GC invocations=3 (full 0):
 PSYoungGen      total 33280K, used 4578K [0x00000000daf00000, 0x00000000df000000, 0x0000000100000000)
  eden space 28672K, 0% used [0x00000000daf00000,0x00000000daf00000,0x00000000dcb00000)
  from space 4608K, 99% used [0x00000000dcb00000,0x00000000dcf78920,0x00000000dcf80000)
  to   space 4608K, 0% used [0x00000000deb80000,0x00000000deb80000,0x00000000df000000)
 ParOldGen       total 76800K, used 31691K [0x0000000090c00000, 0x0000000095700000, 0x00000000daf00000)
  object space 76800K, 41% used [0x0000000090c00000,0x0000000092af2ee8,0x0000000095700000)
 Metaspace       used 11289K, capacity 11471K, committed 11520K, reserved 1058816K
  class space    used 1201K, capacity 1250K, committed 1280K, reserved 1048576K
}

Deoptimization events (10 events):
Event: 2.604 Thread 0x0000000002220800 Uncommon trap: reason=unstable_if action=reinterpret pc=0x00000000025d77dc method=java.awt.image.ComponentColorModel.getAlpha(Ljava/lang/Object;)I @ 4
Event: 2.604 Thread 0x0000000002220800 Uncommon trap: reason=unstable_if action=reinterpret pc=0x00000000025d3d14 method=java.awt.image.ComponentColorModel.getAlpha(Ljava/lang/Object;)I @ 4
Event: 2.606 Thread 0x0000000002220800 Uncommon trap: reason=unstable_if action=reinterpret pc=0x00000000025f3f54 method=java.awt.image.ComponentColorModel.getAlpha(Ljava/lang/Object;)I @ 4
Event: 4.069 Thread 0x0000000002220800 Uncommon trap: reason=unstable_if action=reinterpret pc=0x00000000027beefc method=java.lang.Math.min(FF)F @ 17
Event: 17.788 Thread 0x0000000002220800 Uncommon trap: reason=unstable_if action=reinterpret pc=0x0000000002801c70 method=mapEngine.Maps.update(Lorg/newdawn/slick/GameContainer;Lorg/newdawn/slick/state/StateBasedGame;I)V @ 201
Event: 18.295 Thread 0x0000000002220800 Uncommon trap: reason=unstable_if action=reinterpret pc=0x00000000027f36dc method=org.lwjgl.input.Mouse.next()Z @ 28
Event: 26.234 Thread 0x0000000002220800 Uncommon trap: reason=unstable_if action=reinterpret pc=0x00000000027e429c method=main.CameraController.centerOn(FF)V @ 38
Event: 38.913 Thread 0x0000000002220800 Uncommon trap: reason=unstable_if action=reinterpret pc=0x0000000002814830 method=java.util.LinkedHashMap.afterNodeAccess(Ljava/util/HashMap$Node;)V @ 14
Event: 40.790 Thread 0x0000000002220800 Uncommon trap: reason=unstable_if action=reinterpret pc=0x000000000284d51c method=mapEngine.Maps.update(Lorg/newdawn/slick/GameContainer;Lorg/newdawn/slick/state/StateBasedGame;I)V @ 12
Event: 41.298 Thread 0x0000000025b4d800 Uncommon trap: reason=unstable_if action=reinterpret pc=0x00000000027d4994 method=java.util.HashMap$HashIterator.<init>(Ljava/util/HashMap;)V @ 38

Internal exceptions (10 events):
Event: 0.046 Thread 0x0000000002220800 Exception <a 'java/lang/NoSuchMethodError': Method sun.misc.Unsafe.prefetchRead(Ljava/lang/Object;J)V name or signature does not match> (0x00000000daf07fa8) thrown at [C:\re\workspace\8-2-build-windows-amd64-cygwin\jdk8u91\6644\hotspot\src\share\vm\prims\j|þwe÷É?
Event: 0.203 Thread 0x0000000002220800 Exception <a 'java/security/PrivilegedActionException'> (0x00000000db1818a8) thrown at [C:\re\workspace\8-2-build-windows-amd64-cygwin\jdk8u91\6644\hotspot\src\share\vm\prims\jvm.cpp, line 1386]
Event: 0.203 Thread 0x0000000002220800 Exception <a 'java/security/PrivilegedActionException'> (0x00000000db181ab8) thrown at [C:\re\workspace\8-2-build-windows-amd64-cygwin\jdk8u91\6644\hotspot\src\share\vm\prims\jvm.cpp, line 1386]
Event: 0.204 Thread 0x0000000002220800 Exception <a 'java/security/PrivilegedActionException'> (0x00000000db185660) thrown at [C:\re\workspace\8-2-build-windows-amd64-cygwin\jdk8u91\6644\hotspot\src\share\vm\prims\jvm.cpp, line 1386]
Event: 0.204 Thread 0x0000000002220800 Exception <a 'java/security/PrivilegedActionException'> (0x00000000db185870) thrown at [C:\re\workspace\8-2-build-windows-amd64-cygwin\jdk8u91\6644\hotspot\src\share\vm\prims\jvm.cpp, line 1386]
Event: 1.708 Thread 0x0000000002220800 Exception <a 'java/io/FileNotFoundException'> (0x00000000db7a22a8) thrown at [C:\re\workspace\8-2-build-windows-amd64-cygwin\jdk8u91\6644\hotspot\src\share\vm\prims\jni.cpp, line 709]
Event: 1.754 Thread 0x0000000002220800 Exception <a 'java/lang/NoSuchFieldError': method resolution failed> (0x00000000db86f3e0) thrown at [C:\re\workspace\8-2-build-windows-amd64-cygwin\jdk8u91\6644\hotspot\src\share\vm\prims\methodHandles.cpp, line 1146]
Event: 1.757 Thread 0x0000000002220800 Exception <a 'java/lang/NoSuchFieldError': method resolution failed> (0x00000000db87c700) thrown at [C:\re\workspace\8-2-build-windows-amd64-cygwin\jdk8u91\6644\hotspot\src\share\vm\prims\methodHandles.cpp, line 1146]
Event: 1.809 Thread 0x0000000002220800 Exception <a 'java/io/FileNotFoundException'> (0x00000000db914ec8) thrown at [C:\re\workspace\8-2-build-windows-amd64-cygwin\jdk8u91\6644\hotspot\src\share\vm\prims\jni.cpp, line 709]
Event: 41.298 Thread 0x0000000025b4d800 Implicit null exception at 0x00000000027d4728 to 0x00000000027d497d

Events (10 events):
Event: 41.393 loading class java/util/IdentityHashMap$KeyIterator
Event: 41.393 loading class java/util/IdentityHashMap$KeyIterator done
Event: 41.393 Thread 0x0000000016591800 Thread added: 0x0000000016591800
Event: 41.393 Thread 0x0000000022e78000 Thread added: 0x0000000022e78000
Event: 41.394 Thread 0x0000000022e7d000 Thread added: 0x0000000022e7d000
Event: 41.396 Thread 0x0000000016591800 Thread exited: 0x0000000016591800
Event: 41.400 Thread 0x0000000022e7d000 Thread exited: 0x0000000022e7d000
Event: 41.408 Thread 0x0000000022fd1000 Thread exited: 0x0000000022fd1000
Event: 41.498 Thread 0x0000000022e78000 Thread exited: 0x0000000022e78000
Event: 41.498 Executing VM operation: Exit


Dynamic libraries:
0x00007ff7be380000 - 0x00007ff7be3b7000 	C:\Program Files\Java\jre1.8.0_91\bin\javaw.exe
0x00007ffc8fc50000 - 0x00007ffc8fe11000 	C:\WINDOWS\SYSTEM32\ntdll.dll
0x00007ffc8e080000 - 0x00007ffc8e12d000 	C:\WINDOWS\system32\KERNEL32.DLL
0x00007ffc8c4d0000 - 0x00007ffc8c6b8000 	C:\WINDOWS\system32\KERNELBASE.dll
0x00007ffc8f690000 - 0x00007ffc8f737000 	C:\WINDOWS\system32\ADVAPI32.dll
0x00007ffc8f7b0000 - 0x00007ffc8f84d000 	C:\WINDOWS\system32\msvcrt.dll
0x00007ffc8f8c0000 - 0x00007ffc8f91b000 	C:\WINDOWS\system32\sechost.dll
0x00007ffc8d720000 - 0x00007ffc8d83c000 	C:\WINDOWS\system32\RPCRT4.dll
0x00007ffc8dec0000 - 0x00007ffc8e016000 	C:\WINDOWS\system32\USER32.dll
0x00007ffc8d840000 - 0x00007ffc8d9c6000 	C:\WINDOWS\system32\GDI32.dll
0x00007ffc80610000 - 0x00007ffc80884000 	C:\WINDOWS\WinSxS\amd64_microsoft.windows.common-controls_6595b64144ccf1df_6.0.10586.0_none_8c15ae12515e1c22\COMCTL32.dll
0x00007ffc8d370000 - 0x00007ffc8d5ed000 	C:\WINDOWS\system32\combase.dll
0x00007ffc8cf20000 - 0x00007ffc8cf8a000 	C:\WINDOWS\system32\bcryptPrimitives.dll
0x00007ffc8d050000 - 0x00007ffc8d08b000 	C:\WINDOWS\system32\IMM32.DLL
0x00007ffc8bc00000 - 0x00007ffc8bc2d000 	C:\WINDOWS\SYSTEM32\SspiCli.dll
0x00007ffc8b450000 - 0x00007ffc8b481000 	C:\WINDOWS\SYSTEM32\ntmarta.dll
0x000000005b090000 - 0x000000005b162000 	C:\Program Files\Java\jre1.8.0_91\bin\msvcr100.dll
0x000000005a5d0000 - 0x000000005ae63000 	C:\Program Files\Java\jre1.8.0_91\bin\server\jvm.dll
0x00007ffc8d9d0000 - 0x00007ffc8d9d8000 	C:\WINDOWS\system32\PSAPI.DLL
0x00007ffc8a4f0000 - 0x00007ffc8a513000 	C:\WINDOWS\SYSTEM32\WINMM.dll
0x00007ffc7cfd0000 - 0x00007ffc7cfd9000 	C:\WINDOWS\SYSTEM32\WSOCK32.dll
0x00007ffc8f850000 - 0x00007ffc8f8bb000 	C:\WINDOWS\system32\WS2_32.dll
0x00007ffc87890000 - 0x00007ffc8789a000 	C:\WINDOWS\SYSTEM32\VERSION.dll
0x00007ffc8a4b0000 - 0x00007ffc8a4dc000 	C:\WINDOWS\SYSTEM32\WINMMBASE.dll
0x00007ffc8c750000 - 0x00007ffc8c793000 	C:\WINDOWS\system32\cfgmgr32.dll
0x000000005d8d0000 - 0x000000005d8df000 	C:\Program Files\Java\jre1.8.0_91\bin\verify.dll
0x000000005d8a0000 - 0x000000005d8c9000 	C:\Program Files\Java\jre1.8.0_91\bin\java.dll
0x000000005d880000 - 0x000000005d896000 	C:\Program Files\Java\jre1.8.0_91\bin\zip.dll
0x00007ffc8e130000 - 0x00007ffc8f68c000 	C:\WINDOWS\system32\SHELL32.dll
0x00007ffc8c800000 - 0x00007ffc8ce45000 	C:\WINDOWS\system32\windows.storage.dll
0x00007ffc8f920000 - 0x00007ffc8f972000 	C:\WINDOWS\system32\shlwapi.dll
0x00007ffc8c270000 - 0x00007ffc8c27f000 	C:\WINDOWS\system32\kernel.appcore.dll
0x00007ffc8cf90000 - 0x00007ffc8d045000 	C:\WINDOWS\system32\shcore.dll
0x00007ffc8c290000 - 0x00007ffc8c2db000 	C:\WINDOWS\system32\powrprof.dll
0x00007ffc8c2e0000 - 0x00007ffc8c2f4000 	C:\WINDOWS\system32\profapi.dll
0x0000000180000000 - 0x0000000180053000 	C:\Users\rebel\Documents\Programming\War of the Ponies\WarOfThePonies\lib\lwjgl64.dll
0x00007ffc78b50000 - 0x00007ffc78c79000 	C:\WINDOWS\SYSTEM32\OPENGL32.dll
0x00007ffc8be30000 - 0x00007ffc8be5e000 	C:\WINDOWS\SYSTEM32\GLU32.dll
0x00007ffc78a50000 - 0x00007ffc78b4a000 	C:\WINDOWS\SYSTEM32\DDRAW.dll
0x00007ffc8be20000 - 0x00007ffc8be28000 	C:\WINDOWS\SYSTEM32\DCIMAN32.dll
0x00007ffc8ab50000 - 0x00007ffc8abe6000 	C:\WINDOWS\system32\uxtheme.dll
0x00007ffc8d210000 - 0x00007ffc8d36a000 	C:\WINDOWS\system32\MSCTF.dll
0x00007ffc789c0000 - 0x00007ffc789eb000 	C:\PROGRA~2\RAPTRI~1\Raptr\ltc_help64-111387.dll
0x00007ffc8c7a0000 - 0x00007ffc8c7f5000 	C:\WINDOWS\system32\WINTRUST.dll
0x00007ffc8c280000 - 0x00007ffc8c290000 	C:\WINDOWS\system32\MSASN1.dll
0x00007ffc8c300000 - 0x00007ffc8c4c7000 	C:\WINDOWS\system32\CRYPT32.dll
0x00007ffc787d0000 - 0x00007ffc787fb000 	C:\PROGRA~2\RAPTRI~1\PlaysTV\ltc_help64-111387.dll
0x00007ffc80ec0000 - 0x00007ffc80ed8000 	C:\WINDOWS\SYSTEM32\atig6pxx.dll
0x0000000056fa0000 - 0x0000000058d43000 	C:\WINDOWS\SYSTEM32\atio6axx.dll
0x00007ffc8da90000 - 0x00007ffc8deb9000 	C:\WINDOWS\system32\SETUPAPI.dll
0x00007ffc8a6e0000 - 0x00007ffc8a702000 	C:\WINDOWS\SYSTEM32\dwmapi.dll
0x00007ffc78000000 - 0x00007ffc78148000 	C:\WINDOWS\SYSTEM32\atiadlxx.dll
0x00007ffc8d0c0000 - 0x00007ffc8d203000 	C:\WINDOWS\system32\ole32.dll
0x00007ffc89360000 - 0x00007ffc894e6000 	C:\WINDOWS\SYSTEM32\PROPSYS.dll
0x00007ffc8d5f0000 - 0x00007ffc8d6b1000 	C:\WINDOWS\system32\OLEAUT32.dll
0x00007ffc8b6c0000 - 0x00007ffc8b6df000 	C:\WINDOWS\SYSTEM32\USERENV.dll
0x00007ffc8a730000 - 0x00007ffc8a743000 	C:\WINDOWS\SYSTEM32\WTSAPI32.dll
0x00007ffc86320000 - 0x00007ffc86358000 	C:\WINDOWS\SYSTEM32\IPHLPAPI.DLL
0x00007ffc8c050000 - 0x00007ffc8c077000 	C:\WINDOWS\SYSTEM32\DEVOBJ.dll
0x00007ffc860e0000 - 0x00007ffc8610c000 	C:\WINDOWS\SYSTEM32\atig6txx.dll
0x00007ffc6f6f0000 - 0x00007ffc6f781000 	C:\WINDOWS\SYSTEM32\mscms.dll
0x00007ffc80e70000 - 0x00007ffc80eb2000 	C:\WINDOWS\SYSTEM32\icm32.dll
0x0000000056e00000 - 0x0000000056f98000 	C:\Program Files\Java\jre1.8.0_91\bin\awt.dll
0x00007ffc8a750000 - 0x00007ffc8a7c9000 	C:\WINDOWS\system32\apphelp.dll
0x00000000188e0000 - 0x00000000188f6000 	C:\Users\rebel\Documents\Programming\War of the Ponies\WarOfThePonies\lib\jinput-dx8_64.dll
0x00007ffc713d0000 - 0x00007ffc71411000 	C:\WINDOWS\SYSTEM32\DINPUT8.dll
0x00007ffc8af50000 - 0x00007ffc8af5c000 	C:\WINDOWS\SYSTEM32\HID.DLL
0x0000000019360000 - 0x0000000019374000 	C:\Users\rebel\Documents\Programming\War of the Ponies\WarOfThePonies\lib\jinput-raw_64.dll
0x000000005b040000 - 0x000000005b087000 	C:\Program Files\Java\jre1.8.0_91\bin\fontmanager.dll
0x00007ffc6e530000 - 0x00007ffc6e740000 	C:\WINDOWS\system32\d3d9.dll
0x000000005d4b0000 - 0x000000005d4ca000 	C:\Program Files\Java\jre1.8.0_91\bin\net.dll
0x00007ffc8b830000 - 0x00007ffc8b88c000 	C:\WINDOWS\system32\mswsock.dll
0x000000005d490000 - 0x000000005d4a1000 	C:\Program Files\Java\jre1.8.0_91\bin\nio.dll
0x000000005aff0000 - 0x000000005b032000 	C:\Program Files\Java\jre1.8.0_91\bin\t2k.dll
0x00007ffc8b8e0000 - 0x00007ffc8b8f7000 	C:\WINDOWS\SYSTEM32\CRYPTSP.dll
0x00007ffc8b570000 - 0x00007ffc8b5a4000 	C:\WINDOWS\system32\rsaenh.dll
0x00007ffc8c1b0000 - 0x00007ffc8c1d9000 	C:\WINDOWS\SYSTEM32\bcrypt.dll
0x00007ffc8ba00000 - 0x00007ffc8ba0b000 	C:\WINDOWS\SYSTEM32\CRYPTBASE.dll
0x00007ffc8fa90000 - 0x00007ffc8fa98000 	C:\WINDOWS\system32\NSI.dll
0x00007ffc85830000 - 0x00007ffc85846000 	C:\WINDOWS\SYSTEM32\dhcpcsvc6.DLL
0x00007ffc85810000 - 0x00007ffc8582a000 	C:\WINDOWS\SYSTEM32\dhcpcsvc.DLL
0x0000000056dc0000 - 0x0000000056df1000 	C:\Program Files\Java\jre1.8.0_91\bin\jpeg.dll
0x00007ffc8d090000 - 0x00007ffc8d0ac000 	C:\WINDOWS\system32\imagehlp.dll
0x00007ffc8af60000 - 0x00007ffc8af84000 	C:\WINDOWS\SYSTEM32\gpapi.dll
0x00007ffc7dfb0000 - 0x00007ffc7dfdf000 	C:\Windows\System32\cryptnet.dll
0x00007ffc85b30000 - 0x00007ffc85b3b000 	C:\WINDOWS\SYSTEM32\WINNSI.DLL
0x00007ffc57060000 - 0x00007ffc57285000 	C:\PROGRA~2\RAPTRI~1\PlaysTV\ltc_game64-111387.dll
0x00007ffc4c630000 - 0x00007ffc4c857000 	C:\PROGRA~2\RAPTRI~1\Raptr\ltc_game64-111387.dll
0x00007ffc78c80000 - 0x00007ffc78e0c000 	C:\WINDOWS\SYSTEM32\dbghelp.dll

VM Arguments:
jvm_args: -Djava.library.path=lib/ -Dfile.encoding=Cp1252 
java_command: main.Frame
java_class_path (initial): C:\Users\rebel\Documents\Programming\War of the Ponies\WarOfThePonies\bin;C:\Users\rebel\Documents\Programming\War of the Ponies\WarOfThePonies\lib\dom4j-1.6.1\dom4j-1.6.1.jar;C:\Users\rebel\Documents\Programming\War of the Ponies\WarOfThePonies\lib\lib\jinput.jar;C:\Users\rebel\Documents\Programming\War of the Ponies\WarOfThePonies\lib\lib\jnlp.jar;C:\Users\rebel\Documents\Programming\War of the Ponies\WarOfThePonies\lib\lib\lwjgl.jar;C:\Users\rebel\Documents\Programming\War of the Ponies\WarOfThePonies\lib\lib\slick.jar
Launcher Type: SUN_STANDARD

Environment Variables:
PATH=C:/Program Files/Java/jre1.8.0_91/bin/server;C:/Program Files/Java/jre1.8.0_91/bin;C:/Program Files/Java/jre1.8.0_91/lib/amd64;C:\Windows\system32;C:\Windows;C:\Windows\System32\Wbem;C:\Windows\System32\WindowsPowerShell\v1.0\;C:\Program Files (x86)\ATI Technologies\ATI.ACE\Core-Static;C:\Program Files\MiKTeX 2.9\miktex\bin\x64\;C:\Program Files\Git\cmd;C:\Program Files\Git\mingw64\bin;C:\Program Files\Git\usr\bin;C:\Program Files (x86)\Skype\Phone\;C:\Program Files (x86)\QuickTime\QTSystem\;C:\WINDOWS\system32;C:\WINDOWS;C:\WINDOWS\System32\Wbem;C:\WINDOWS\System32\WindowsPowerShell\v1.0\;C:\ProgramData\Oracle\Java\javapath;"C:\Program Files (x86)\nirsoft_package_1.19.70\SysInternals";C:\Program Files (x86)\GNUWin\;C:\Program Files (x86)\GtkSharp\2.12\bin;C:\Users\rebel\AppData\Local\Programs\Python\Python35-32\Scripts\;C:\Users\rebel\AppData\Local\Programs\Python\Python35-32\;C:\eclipse;
USERNAME=rebel
OS=Windows_NT
PROCESSOR_IDENTIFIER=AMD64 Family 21 Model 48 Stepping 1, AuthenticAMD



---------------  S Y S T E M  ---------------

OS: Windows 10.0 , 64 bit Build 10586 (10.0.10586.0)

CPU:total 4 (4 cores per cpu, 1 threads per core) family 21 model 48 stepping 1, cmov, cx8, fxsr, mmx, sse, sse2, sse3, ssse3, sse4.1, sse4.2, popcnt, avx, aes, clmul, mmxext, 3dnowpref, lzcnt, sse4a, tsc, tscinvbit, tscinv, bmi1

Memory: 4k page, physical 7285188k(2319088k free), swap 13485340k(2302116k free)

vm_info: Java HotSpot(TM) 64-Bit Server VM (25.91-b14) for windows-amd64 JRE (1.8.0_91-b14), built on Apr  1 2016 00:58:32 by "java_re" with MS VC++ 10.0 (VS2010)

time: Mon May 02 11:03:20 2016
elapsed time: 41 seconds (0d 0h 0m 41s)

