#
# A fatal error has been detected by the Java Runtime Environment:
#
#  EXCEPTION_ACCESS_VIOLATION (0xc0000005) at pc=0x00007ffc78c32224, pid=19068, tid=8108
#
# JRE version: Java(TM) SE Runtime Environment (8.0_91-b14) (build 1.8.0_91-b14)
# Java VM: Java HotSpot(TM) 64-Bit Server VM (25.91-b14 mixed mode windows-amd64 compressed oops)
# Problematic frame:
# C  [OPENGL32.dll+0xe2224]
#
# Failed to write core dump. Minidumps are not enabled by default on client versions of Windows
#
# If you would like to submit a bug report, please visit:
#   http://bugreport.java.com/bugreport/crash.jsp
#

---------------  T H R E A D  ---------------

Current thread (0x00000000165a7800):  VMThread [stack: 0x0000000017670000,0x0000000017770000] [id=8108]

siginfo: ExceptionCode=0xc0000005, reading address 0x0000000000000a38

Registers:
RAX=0x0000000000000000, RBX=0x0000000028fb0530, RCX=0x0000000000000001, RDX=0x0000000028fb0538
RSP=0x000000001776f6a8, RBP=0x0000000000000000, RSI=0x0000000028fb3720, RDI=0x0000000028fb3720
R8 =0x000000001776f728, R9 =0x000000000231fa80, R10=0x0000000000000000, R11=0x0000000000000246
R12=0x0000000000000000, R13=0x0000000019a96b78, R14=0x0000000019a96a30, R15=0x0000000000000000
RIP=0x00007ffc78c32224, EFLAGS=0x0000000000010283

Top of Stack: (sp=0x000000001776f6a8)
0x000000001776f6a8:   00007ffc5741218b 0000000019a96b78
0x000000001776f6b8:   0000000000000001 0000000019a90000
0x000000001776f6c8:   00007ffc8fc70ad9 0000000000000000
0x000000001776f6d8:   00007ffc57417847 0000000000000000
0x000000001776f6e8:   0000000000000000 0000000019a96b60
0x000000001776f6f8:   00007ffc57416bb3 fffffffffffffffe
0x000000001776f708:   000000001776f770 0000000000000000
0x000000001776f718:   00007ffc574180f9 0000000028fb3720
0x000000001776f728:   0000000019a9aad0 000000000231fa80
0x000000001776f738:   00007ffc57484f88 fffffffffffffffe
0x000000001776f748:   0000000019a99090 0000000000000001
0x000000001776f758:   0000000019a96b58 0000000019a96a30
0x000000001776f768:   00007ffc5748d0ad 00007ffc575b97f0
0x000000001776f778:   00007ffc574f2f50 000000000231fa80
0x000000001776f788:   00007ffc8fc70ad9 0000000019a96b58
0x000000001776f798:   0000000019a96a30 0000000019a96a30 

Instructions: (pc=0x00007ffc78c32224)
0x00007ffc78c32204:   cc cc cc cc cc cc 66 0f 1f 44 00 00 8b 05 f2 7d
0x00007ffc78c32214:   01 00 83 f8 40 73 0f 65 48 8b 04 c5 80 14 00 00
0x00007ffc78c32224:   ff a0 38 0a 00 00 b8 47 01 00 00 e9 ec d4 ff ff
0x00007ffc78c32234:   cc cc cc cc cc cc 66 0f 1f 44 00 00 8b 05 c2 7d 


Register to memory mapping:

RAX=0x0000000000000000 is an unknown value
RBX=0x0000000028fb0530 is an unknown value
RCX=0x0000000000000001 is an unknown value
RDX=0x0000000028fb0538 is an unknown value
RSP=0x000000001776f6a8 is an unknown value
RBP=0x0000000000000000 is an unknown value
RSI=0x0000000028fb3720 is an unknown value
RDI=0x0000000028fb3720 is an unknown value
R8 =0x000000001776f728 is an unknown value
R9 =0x000000000231fa80 is an unknown value
R10=0x0000000000000000 is an unknown value
R11=0x0000000000000246 is an unknown value
R12=0x0000000000000000 is an unknown value
R13=0x0000000019a96b78 is an unknown value
R14=0x0000000019a96a30 is an unknown value
R15=0x0000000000000000 is an unknown value


Stack: [0x0000000017670000,0x0000000017770000],  sp=0x000000001776f6a8,  free space=1021k
Native frames: (J=compiled Java code, j=interpreted, Vv=VM code, C=native code)

VM_Operation (0x00000000021aee60): Exit, mode: safepoint, requested by thread 0x0000000002280800


---------------  P R O C E S S  ---------------

Java Threads: ( => current thread )
  0x0000000025762800 JavaThread "AWT-EventQueue-0" [_thread_blocked, id=12956, stack(0x0000000034ef0000,0x0000000034ff0000)]
  0x0000000025c4c800 JavaThread "AWT-Shutdown" [_thread_blocked, id=24004, stack(0x00000000349e0000,0x0000000034ae0000)]
  0x000000001834b000 JavaThread "Java2D Disposer" daemon [_thread_blocked, id=9960, stack(0x00000000196f0000,0x00000000197f0000)]
  0x000000001821e800 JavaThread "Thread-2" daemon [_thread_in_native, id=9480, stack(0x00000000194c0000,0x00000000195c0000)]
  0x0000000017f7a800 JavaThread "Service Thread" daemon [_thread_blocked, id=11800, stack(0x0000000018350000,0x0000000018450000)]
  0x00000000165e5000 JavaThread "C1 CompilerThread2" daemon [_thread_blocked, id=22412, stack(0x0000000017e50000,0x0000000017f50000)]
  0x00000000165e0000 JavaThread "C2 CompilerThread1" daemon [_thread_blocked, id=16056, stack(0x0000000017d50000,0x0000000017e50000)]
  0x00000000165dd000 JavaThread "C2 CompilerThread0" daemon [_thread_blocked, id=16680, stack(0x0000000017c50000,0x0000000017d50000)]
  0x00000000165db800 JavaThread "Attach Listener" daemon [_thread_blocked, id=10020, stack(0x0000000017b50000,0x0000000017c50000)]
  0x00000000165ca800 JavaThread "Finalizer" daemon [_thread_blocked, id=12308, stack(0x0000000017870000,0x0000000017970000)]
  0x000000000236f000 JavaThread "Reference Handler" daemon [_thread_blocked, id=14836, stack(0x0000000017770000,0x0000000017870000)]
  0x0000000002280800 JavaThread "main" [_thread_blocked, id=23724, stack(0x00000000020b0000,0x00000000021b0000)]

Other Threads:
=>0x00000000165a7800 VMThread [stack: 0x0000000017670000,0x0000000017770000] [id=8108]

VM state:at safepoint (shutting down)

VM Mutex/Monitor currently owned by a thread:  ([mutex/lock_event])
[0x000000000084c730] Threads_lock - owner thread: 0x00000000165a7800

Heap:
 PSYoungGen      total 33280K, used 31002K [0x00000000daf00000, 0x00000000df000000, 0x0000000100000000)
  eden space 28672K, 92% used [0x00000000daf00000,0x00000000dc8ce058,0x00000000dcb00000)
  from space 4608K, 99% used [0x00000000dcb00000,0x00000000dcf78920,0x00000000dcf80000)
  to   space 4608K, 0% used [0x00000000deb80000,0x00000000deb80000,0x00000000df000000)
 ParOldGen       total 76800K, used 28073K [0x0000000090c00000, 0x0000000095700000, 0x00000000daf00000)
  object space 76800K, 36% used [0x0000000090c00000,0x000000009276a6d0,0x0000000095700000)
 Metaspace       used 11770K, capacity 11983K, committed 12160K, reserved 1060864K
  class space    used 1233K, capacity 1314K, committed 1408K, reserved 1048576K

Card table byte_map: [0x0000000011740000,0x0000000011ac0000] byte_map_base: 0x00000000112ba000

Marking Bits: (ParMarkBitMap*) 0x000000005ade2f70
 Begin Bits: [0x0000000012120000, 0x0000000013cf0000)
 End Bits:   [0x0000000013cf0000, 0x00000000158c0000)

Polling page: 0x00000000005d0000

CodeCache: size=245760Kb used=5367Kb max_used=5370Kb free=240392Kb
 bounds [0x0000000002380000, 0x00000000028d0000, 0x0000000011380000]
 total_blobs=1996 nmethods=1424 adapters=486
 compilation: enabled

Compilation events (10 events):
Event: 38.765 Thread 0x00000000165e5000 1420       3       java.lang.reflect.ReflectAccess::copyField (5 bytes)
Event: 38.765 Thread 0x00000000165e5000 nmethod 1420 0x000000000289ec90 code [0x000000000289ee00, 0x000000000289f008]
Event: 38.765 Thread 0x00000000165e5000 1421       3       java.lang.reflect.Field::copy (76 bytes)
Event: 38.765 Thread 0x00000000165e5000 nmethod 1421 0x000000000289e690 code [0x000000000289e820, 0x000000000289eb78]
Event: 38.765 Thread 0x00000000165e5000 1422       3       java.lang.reflect.Field::<init> (44 bytes)
Event: 38.766 Thread 0x00000000165e5000 nmethod 1422 0x000000000289e190 code [0x000000000289e300, 0x000000000289e590]
Event: 38.986 Thread 0x00000000165e5000 1423       3       java.util.zip.ZipFile$ZipFileInflaterInputStream::fill (80 bytes)
Event: 38.986 Thread 0x00000000165e5000 nmethod 1423 0x00000000028a46d0 code [0x00000000028a4860, 0x00000000028a4c68]
Event: 38.986 Thread 0x00000000165e5000 1424   !   3       java.util.zip.ZipFile$ZipFileInputStream::read (131 bytes)
Event: 38.987 Thread 0x00000000165e5000 nmethod 1424 0x00000000028a3710 code [0x00000000028a38e0, 0x00000000028a4168]

GC Heap History (6 events):
Event: 2.135 GC heap before
{Heap before GC invocations=1 (full 0):
 PSYoungGen      total 33280K, used 28672K [0x00000000daf00000, 0x00000000dd400000, 0x0000000100000000)
  eden space 28672K, 100% used [0x00000000daf00000,0x00000000dcb00000,0x00000000dcb00000)
  from space 4608K, 0% used [0x00000000dcf80000,0x00000000dcf80000,0x00000000dd400000)
  to   space 4608K, 0% used [0x00000000dcb00000,0x00000000dcb00000,0x00000000dcf80000)
 ParOldGen       total 76800K, used 0K [0x0000000090c00000, 0x0000000095700000, 0x00000000daf00000)
  object space 76800K, 0% used [0x0000000090c00000,0x0000000090c00000,0x0000000095700000)
 Metaspace       used 8932K, capacity 9099K, committed 9216K, reserved 1056768K
  class space    used 932K, capacity 994K, committed 1024K, reserved 1048576K
Event: 2.144 GC heap after
Heap after GC invocations=1 (full 0):
 PSYoungGen      total 33280K, used 4584K [0x00000000daf00000, 0x00000000dd400000, 0x0000000100000000)
  eden space 28672K, 0% used [0x00000000daf00000,0x00000000daf00000,0x00000000dcb00000)
  from space 4608K, 99% used [0x00000000dcb00000,0x00000000dcf7a178,0x00000000dcf80000)
  to   space 4608K, 0% used [0x00000000dcf80000,0x00000000dcf80000,0x00000000dd400000)
 ParOldGen       total 76800K, used 2493K [0x0000000090c00000, 0x0000000095700000, 0x00000000daf00000)
  object space 76800K, 3% used [0x0000000090c00000,0x0000000090e6f640,0x0000000095700000)
 Metaspace       used 8932K, capacity 9099K, committed 9216K, reserved 1056768K
  class space    used 932K, capacity 994K, committed 1024K, reserved 1048576K
}
Event: 2.557 GC heap before
{Heap before GC invocations=2 (full 0):
 PSYoungGen      total 33280K, used 32524K [0x00000000daf00000, 0x00000000dd400000, 0x0000000100000000)
  eden space 28672K, 97% used [0x00000000daf00000,0x00000000dca490d8,0x00000000dcb00000)
  from space 4608K, 99% used [0x00000000dcb00000,0x00000000dcf7a178,0x00000000dcf80000)
  to   space 4608K, 0% used [0x00000000dcf80000,0x00000000dcf80000,0x00000000dd400000)
 ParOldGen       total 76800K, used 2493K [0x0000000090c00000, 0x0000000095700000, 0x00000000daf00000)
  object space 76800K, 3% used [0x0000000090c00000,0x0000000090e6f640,0x0000000095700000)
 Metaspace       used 11252K, capacity 11407K, committed 11520K, reserved 1058816K
  class space    used 1201K, capacity 1250K, committed 1280K, reserved 1048576K
Event: 2.563 GC heap after
Heap after GC invocations=2 (full 0):
 PSYoungGen      total 33280K, used 1906K [0x00000000daf00000, 0x00000000dd400000, 0x0000000100000000)
  eden space 28672K, 0% used [0x00000000daf00000,0x00000000daf00000,0x00000000dcb00000)
  from space 4608K, 41% used [0x00000000dcf80000,0x00000000dd15c910,0x00000000dd400000)
  to   space 4608K, 0% used [0x00000000dcb00000,0x00000000dcb00000,0x00000000dcf80000)
 ParOldGen       total 76800K, used 2565K [0x0000000090c00000, 0x0000000095700000, 0x00000000daf00000)
  object space 76800K, 3% used [0x0000000090c00000,0x0000000090e81650,0x0000000095700000)
 Metaspace       used 11252K, capacity 11407K, committed 11520K, reserved 1058816K
  class space    used 1201K, capacity 1250K, committed 1280K, reserved 1048576K
}
Event: 2.697 GC heap before
{Heap before GC invocations=3 (full 0):
 PSYoungGen      total 33280K, used 30578K [0x00000000daf00000, 0x00000000dd400000, 0x0000000100000000)
  eden space 28672K, 100% used [0x00000000daf00000,0x00000000dcb00000,0x00000000dcb00000)
  from space 4608K, 41% used [0x00000000dcf80000,0x00000000dd15c910,0x00000000dd400000)
  to   space 4608K, 0% used [0x00000000dcb00000,0x00000000dcb00000,0x00000000dcf80000)
 ParOldGen       total 76800K, used 2565K [0x0000000090c00000, 0x0000000095700000, 0x00000000daf00000)
  object space 76800K, 3% used [0x0000000090c00000,0x0000000090e81650,0x0000000095700000)
 Metaspace       used 11270K, capacity 11471K, committed 11520K, reserved 1058816K
  class space    used 1201K, capacity 1250K, committed 1280K, reserved 1048576K
Event: 2.714 GC heap after
Heap after GC invocations=3 (full 0):
 PSYoungGen      total 33280K, used 4578K [0x00000000daf00000, 0x00000000df000000, 0x0000000100000000)
  eden space 28672K, 0% used [0x00000000daf00000,0x00000000daf00000,0x00000000dcb00000)
  from space 4608K, 99% used [0x00000000dcb00000,0x00000000dcf78920,0x00000000dcf80000)
  to   space 4608K, 0% used [0x00000000deb80000,0x00000000deb80000,0x00000000df000000)
 ParOldGen       total 76800K, used 28073K [0x0000000090c00000, 0x0000000095700000, 0x00000000daf00000)
  object space 76800K, 36% used [0x0000000090c00000,0x000000009276a6d0,0x0000000095700000)
 Metaspace       used 11270K, capacity 11471K, committed 11520K, reserved 1058816K
  class space    used 1201K, capacity 1250K, committed 1280K, reserved 1048576K
}

Deoptimization events (10 events):
Event: 2.611 Thread 0x0000000002280800 Uncommon trap: reason=unstable_if action=reinterpret pc=0x000000000268dccc method=java.awt.image.ComponentColorModel.getAlpha(Ljava/lang/Object;)I @ 4
Event: 2.611 Thread 0x0000000002280800 Uncommon trap: reason=unstable_if action=reinterpret pc=0x0000000002629c68 method=java.awt.image.ComponentColorModel.extractComponent(Ljava/lang/Object;II)I @ 4
Event: 2.611 Thread 0x0000000002280800 Uncommon trap: reason=unstable_if action=reinterpret pc=0x000000000263715c method=java.awt.image.ComponentColorModel.getAlpha(Ljava/lang/Object;)I @ 4
Event: 2.611 Thread 0x0000000002280800 Uncommon trap: reason=unstable_if action=reinterpret pc=0x0000000002639054 method=java.awt.image.ComponentColorModel.getAlpha(Ljava/lang/Object;)I @ 4
Event: 2.612 Thread 0x0000000002280800 Uncommon trap: reason=unstable_if action=reinterpret pc=0x0000000002654f98 method=java.awt.image.ComponentColorModel.getAlpha(Ljava/lang/Object;)I @ 4
Event: 10.291 Thread 0x0000000002280800 Uncommon trap: reason=unstable_if action=reinterpret pc=0x000000000285e964 method=mapEngine.Maps.update(Lorg/newdawn/slick/GameContainer;Lorg/newdawn/slick/state/StateBasedGame;I)V @ 27
Event: 21.893 Thread 0x0000000002280800 Uncommon trap: reason=unstable_if action=reinterpret pc=0x0000000002868aa0 method=java.util.LinkedHashMap.afterNodeAccess(Ljava/util/HashMap$Node;)V @ 14
Event: 22.053 Thread 0x0000000002280800 Uncommon trap: reason=unstable_if action=reinterpret pc=0x000000000288a590 method=mapEngine.Maps.update(Lorg/newdawn/slick/GameContainer;Lorg/newdawn/slick/state/StateBasedGame;I)V @ 324
Event: 38.282 Thread 0x0000000002280800 Uncommon trap: reason=unstable_if action=reinterpret pc=0x00000000028c33bc method=mapEngine.Maps.update(Lorg/newdawn/slick/GameContainer;Lorg/newdawn/slick/state/StateBasedGame;I)V @ 12
Event: 38.764 Thread 0x0000000025762800 Uncommon trap: reason=unstable_if action=reinterpret pc=0x00000000028321d4 method=java.util.HashMap$HashIterator.<init>(Ljava/util/HashMap;)V @ 38

Internal exceptions (10 events):
Event: 0.044 Thread 0x0000000002280800 Exception <a 'java/lang/NoSuchMethodError': Method sun.misc.Unsafe.prefetchRead(Ljava/lang/Object;J)V name or signature does not match> (0x00000000daf07fa8) thrown at [C:\re\workspace\8-2-build-windows-amd64-cygwin\jdk8u91\6644\hotspot\src\share\vm\prims\jÁÆŠîa.Ì?
Event: 0.220 Thread 0x0000000002280800 Exception <a 'java/security/PrivilegedActionException'> (0x00000000db1818a8) thrown at [C:\re\workspace\8-2-build-windows-amd64-cygwin\jdk8u91\6644\hotspot\src\share\vm\prims\jvm.cpp, line 1386]
Event: 0.220 Thread 0x0000000002280800 Exception <a 'java/security/PrivilegedActionException'> (0x00000000db181ab8) thrown at [C:\re\workspace\8-2-build-windows-amd64-cygwin\jdk8u91\6644\hotspot\src\share\vm\prims\jvm.cpp, line 1386]
Event: 0.221 Thread 0x0000000002280800 Exception <a 'java/security/PrivilegedActionException'> (0x00000000db185660) thrown at [C:\re\workspace\8-2-build-windows-amd64-cygwin\jdk8u91\6644\hotspot\src\share\vm\prims\jvm.cpp, line 1386]
Event: 0.221 Thread 0x0000000002280800 Exception <a 'java/security/PrivilegedActionException'> (0x00000000db185870) thrown at [C:\re\workspace\8-2-build-windows-amd64-cygwin\jdk8u91\6644\hotspot\src\share\vm\prims\jvm.cpp, line 1386]
Event: 1.743 Thread 0x0000000002280800 Exception <a 'java/io/FileNotFoundException'> (0x00000000db7a2188) thrown at [C:\re\workspace\8-2-build-windows-amd64-cygwin\jdk8u91\6644\hotspot\src\share\vm\prims\jni.cpp, line 709]
Event: 1.786 Thread 0x0000000002280800 Exception <a 'java/lang/NoSuchFieldError': method resolution failed> (0x00000000db86f2c0) thrown at [C:\re\workspace\8-2-build-windows-amd64-cygwin\jdk8u91\6644\hotspot\src\share\vm\prims\methodHandles.cpp, line 1146]
Event: 1.788 Thread 0x0000000002280800 Exception <a 'java/lang/NoSuchFieldError': method resolution failed> (0x00000000db87c5e0) thrown at [C:\re\workspace\8-2-build-windows-amd64-cygwin\jdk8u91\6644\hotspot\src\share\vm\prims\methodHandles.cpp, line 1146]
Event: 1.843 Thread 0x0000000002280800 Exception <a 'java/io/FileNotFoundException'> (0x00000000db914da0) thrown at [C:\re\workspace\8-2-build-windows-amd64-cygwin\jdk8u91\6644\hotspot\src\share\vm\prims\jni.cpp, line 709]
Event: 38.764 Thread 0x0000000025762800 Implicit null exception at 0x0000000002831f68 to 0x00000000028321bd

Events (10 events):
Event: 38.987 loading class java/util/IdentityHashMap$KeyIterator done
Event: 38.988 Thread 0x00000000182a0000 Thread added: 0x00000000182a0000
Event: 38.988 Thread 0x00000000182a0800 Thread added: 0x00000000182a0800
Event: 38.989 Thread 0x00000000182a1800 Thread added: 0x00000000182a1800
Event: 39.003 Thread 0x00000000182a0000 Thread exited: 0x00000000182a0000
Event: 39.016 Thread 0x00000000248d8800 Thread exited: 0x00000000248d8800
Event: 39.018 Thread 0x00000000182a0800 Thread exited: 0x00000000182a0800
Event: 39.111 Thread 0x00000000182a1800 Thread exited: 0x00000000182a1800
Event: 39.111 Thread 0x00000000165da800 Thread exited: 0x00000000165da800
Event: 39.111 Executing VM operation: Exit


Dynamic libraries:
0x00007ff62cb60000 - 0x00007ff62cb97000 	C:\Program Files\Java\jre1.8.0_91\bin\javaw.exe
0x00007ffc8fc50000 - 0x00007ffc8fe11000 	C:\WINDOWS\SYSTEM32\ntdll.dll
0x00007ffc8e080000 - 0x00007ffc8e12d000 	C:\WINDOWS\system32\KERNEL32.DLL
0x00007ffc8c4d0000 - 0x00007ffc8c6b8000 	C:\WINDOWS\system32\KERNELBASE.dll
0x00007ffc8f690000 - 0x00007ffc8f737000 	C:\WINDOWS\system32\ADVAPI32.dll
0x00007ffc8f7b0000 - 0x00007ffc8f84d000 	C:\WINDOWS\system32\msvcrt.dll
0x00007ffc8f8c0000 - 0x00007ffc8f91b000 	C:\WINDOWS\system32\sechost.dll
0x00007ffc8d720000 - 0x00007ffc8d83c000 	C:\WINDOWS\system32\RPCRT4.dll
0x00007ffc8dec0000 - 0x00007ffc8e016000 	C:\WINDOWS\system32\USER32.dll
0x00007ffc8d840000 - 0x00007ffc8d9c6000 	C:\WINDOWS\system32\GDI32.dll
0x00007ffc80610000 - 0x00007ffc80884000 	C:\WINDOWS\WinSxS\amd64_microsoft.windows.common-controls_6595b64144ccf1df_6.0.10586.0_none_8c15ae12515e1c22\COMCTL32.dll
0x00007ffc8d370000 - 0x00007ffc8d5ed000 	C:\WINDOWS\system32\combase.dll
0x00007ffc8cf20000 - 0x00007ffc8cf8a000 	C:\WINDOWS\system32\bcryptPrimitives.dll
0x00007ffc8d050000 - 0x00007ffc8d08b000 	C:\WINDOWS\system32\IMM32.DLL
0x0000000058c70000 - 0x0000000058d42000 	C:\Program Files\Java\jre1.8.0_91\bin\msvcr100.dll
0x000000005a5d0000 - 0x000000005ae63000 	C:\Program Files\Java\jre1.8.0_91\bin\server\jvm.dll
0x00007ffc8d9d0000 - 0x00007ffc8d9d8000 	C:\WINDOWS\system32\PSAPI.DLL
0x00007ffc8a4f0000 - 0x00007ffc8a513000 	C:\WINDOWS\SYSTEM32\WINMM.dll
0x00007ffc87890000 - 0x00007ffc8789a000 	C:\WINDOWS\SYSTEM32\VERSION.dll
0x00007ffc7cfd0000 - 0x00007ffc7cfd9000 	C:\WINDOWS\SYSTEM32\WSOCK32.dll
0x00007ffc8f850000 - 0x00007ffc8f8bb000 	C:\WINDOWS\system32\WS2_32.dll
0x00000000007e0000 - 0x000000000080c000 	C:\WINDOWS\SYSTEM32\WINMMBASE.dll
0x00007ffc8c750000 - 0x00007ffc8c793000 	C:\WINDOWS\system32\cfgmgr32.dll
0x000000005d250000 - 0x000000005d25f000 	C:\Program Files\Java\jre1.8.0_91\bin\verify.dll
0x000000005d1a0000 - 0x000000005d1c9000 	C:\Program Files\Java\jre1.8.0_91\bin\java.dll
0x000000005d180000 - 0x000000005d196000 	C:\Program Files\Java\jre1.8.0_91\bin\zip.dll
0x00007ffc8e130000 - 0x00007ffc8f68c000 	C:\WINDOWS\system32\SHELL32.dll
0x00007ffc8c800000 - 0x00007ffc8ce45000 	C:\WINDOWS\system32\windows.storage.dll
0x00007ffc8f920000 - 0x00007ffc8f972000 	C:\WINDOWS\system32\shlwapi.dll
0x00007ffc8c270000 - 0x00007ffc8c27f000 	C:\WINDOWS\system32\kernel.appcore.dll
0x00007ffc8cf90000 - 0x00007ffc8d045000 	C:\WINDOWS\system32\shcore.dll
0x00007ffc8c290000 - 0x00007ffc8c2db000 	C:\WINDOWS\system32\powrprof.dll
0x00007ffc8c2e0000 - 0x00007ffc8c2f4000 	C:\WINDOWS\system32\profapi.dll
0x0000000180000000 - 0x0000000180053000 	C:\Users\rebel\Documents\Programming\War of the Ponies\WarOfThePonies\lib\lwjgl64.dll
0x00007ffc78b50000 - 0x00007ffc78c79000 	C:\WINDOWS\SYSTEM32\OPENGL32.dll
0x00007ffc78a50000 - 0x00007ffc78b4a000 	C:\WINDOWS\SYSTEM32\DDRAW.dll
0x00007ffc8be30000 - 0x00007ffc8be5e000 	C:\WINDOWS\SYSTEM32\GLU32.dll
0x00007ffc8be20000 - 0x00007ffc8be28000 	C:\WINDOWS\SYSTEM32\DCIMAN32.dll
0x00007ffc8ab50000 - 0x00007ffc8abe6000 	C:\WINDOWS\system32\uxtheme.dll
0x00007ffc8d210000 - 0x00007ffc8d36a000 	C:\WINDOWS\system32\MSCTF.dll
0x00007ffc789c0000 - 0x00007ffc789eb000 	C:\PROGRA~2\RAPTRI~1\Raptr\ltc_help64-111387.dll
0x00007ffc8c7a0000 - 0x00007ffc8c7f5000 	C:\WINDOWS\system32\WINTRUST.dll
0x00007ffc8c280000 - 0x00007ffc8c290000 	C:\WINDOWS\system32\MSASN1.dll
0x00007ffc8c300000 - 0x00007ffc8c4c7000 	C:\WINDOWS\system32\CRYPT32.dll
0x00007ffc787d0000 - 0x00007ffc787fb000 	C:\PROGRA~2\RAPTRI~1\PlaysTV\ltc_help64-111387.dll
0x00007ffc7f330000 - 0x00007ffc7f348000 	C:\WINDOWS\SYSTEM32\atig6pxx.dll
0x0000000056ec0000 - 0x0000000058c63000 	C:\WINDOWS\SYSTEM32\atio6axx.dll
0x00007ffc8da90000 - 0x00007ffc8deb9000 	C:\WINDOWS\system32\SETUPAPI.dll
0x00007ffc8a6e0000 - 0x00007ffc8a702000 	C:\WINDOWS\SYSTEM32\dwmapi.dll
0x00007ffc78000000 - 0x00007ffc78148000 	C:\WINDOWS\SYSTEM32\atiadlxx.dll
0x00007ffc8d0c0000 - 0x00007ffc8d203000 	C:\WINDOWS\system32\ole32.dll
0x00007ffc8b6c0000 - 0x00007ffc8b6df000 	C:\WINDOWS\SYSTEM32\USERENV.dll
0x00007ffc89360000 - 0x00007ffc894e6000 	C:\WINDOWS\SYSTEM32\PROPSYS.dll
0x00007ffc8a730000 - 0x00007ffc8a743000 	C:\WINDOWS\SYSTEM32\WTSAPI32.dll
0x00007ffc86320000 - 0x00007ffc86358000 	C:\WINDOWS\SYSTEM32\IPHLPAPI.DLL
0x00007ffc8d5f0000 - 0x00007ffc8d6b1000 	C:\WINDOWS\system32\OLEAUT32.dll
0x00007ffc8c050000 - 0x00007ffc8c077000 	C:\WINDOWS\SYSTEM32\DEVOBJ.dll
0x00007ffc860e0000 - 0x00007ffc8610c000 	C:\WINDOWS\SYSTEM32\atig6txx.dll
0x00007ffc6f6f0000 - 0x00007ffc6f781000 	C:\WINDOWS\SYSTEM32\mscms.dll
0x00007ffc6b4d0000 - 0x00007ffc6b512000 	C:\WINDOWS\SYSTEM32\icm32.dll
0x0000000056d20000 - 0x0000000056eb8000 	C:\Program Files\Java\jre1.8.0_91\bin\awt.dll
0x00007ffc8a750000 - 0x00007ffc8a7c9000 	C:\WINDOWS\system32\apphelp.dll
0x0000000019010000 - 0x0000000019026000 	C:\Users\rebel\Documents\Programming\War of the Ponies\WarOfThePonies\lib\jinput-dx8_64.dll
0x00007ffc68d00000 - 0x00007ffc68d41000 	C:\WINDOWS\SYSTEM32\DINPUT8.dll
0x00007ffc8af50000 - 0x00007ffc8af5c000 	C:\WINDOWS\SYSTEM32\HID.DLL
0x0000000019270000 - 0x0000000019284000 	C:\Users\rebel\Documents\Programming\War of the Ponies\WarOfThePonies\lib\jinput-raw_64.dll
0x0000000056cd0000 - 0x0000000056d17000 	C:\Program Files\Java\jre1.8.0_91\bin\fontmanager.dll
0x00007ffc6e530000 - 0x00007ffc6e740000 	C:\WINDOWS\system32\d3d9.dll
0x000000005d160000 - 0x000000005d17a000 	C:\Program Files\Java\jre1.8.0_91\bin\net.dll
0x00007ffc8b830000 - 0x00007ffc8b88c000 	C:\WINDOWS\system32\mswsock.dll
0x000000005d140000 - 0x000000005d151000 	C:\Program Files\Java\jre1.8.0_91\bin\nio.dll
0x0000000056c80000 - 0x0000000056cc2000 	C:\Program Files\Java\jre1.8.0_91\bin\t2k.dll
0x00007ffc8b8e0000 - 0x00007ffc8b8f7000 	C:\WINDOWS\SYSTEM32\CRYPTSP.dll
0x00007ffc8b570000 - 0x00007ffc8b5a4000 	C:\WINDOWS\system32\rsaenh.dll
0x00007ffc8c1b0000 - 0x00007ffc8c1d9000 	C:\WINDOWS\SYSTEM32\bcrypt.dll
0x00007ffc8ba00000 - 0x00007ffc8ba0b000 	C:\WINDOWS\SYSTEM32\CRYPTBASE.dll
0x00007ffc8fa90000 - 0x00007ffc8fa98000 	C:\WINDOWS\system32\NSI.dll
0x00007ffc85830000 - 0x00007ffc85846000 	C:\WINDOWS\SYSTEM32\dhcpcsvc6.DLL
0x00007ffc85810000 - 0x00007ffc8582a000 	C:\WINDOWS\SYSTEM32\dhcpcsvc.DLL
0x000000005aff0000 - 0x000000005b021000 	C:\Program Files\Java\jre1.8.0_91\bin\jpeg.dll
0x00007ffc8d090000 - 0x00007ffc8d0ac000 	C:\WINDOWS\system32\imagehlp.dll
0x00007ffc8af60000 - 0x00007ffc8af84000 	C:\WINDOWS\SYSTEM32\gpapi.dll
0x00007ffc7dfb0000 - 0x00007ffc7dfdf000 	C:\Windows\System32\cryptnet.dll
0x00007ffc85b30000 - 0x00007ffc85b3b000 	C:\WINDOWS\SYSTEM32\WINNSI.DLL
0x00007ffc59060000 - 0x00007ffc59287000 	C:\PROGRA~2\RAPTRI~1\Raptr\ltc_game64-111387.dll
0x00007ffc573b0000 - 0x00007ffc575d5000 	C:\PROGRA~2\RAPTRI~1\PlaysTV\ltc_game64-111387.dll
0x00007ffc78c80000 - 0x00007ffc78e0c000 	C:\WINDOWS\SYSTEM32\dbghelp.dll

VM Arguments:
jvm_args: -Djava.library.path=lib/ -Dfile.encoding=Cp1252 
java_command: main.Frame
java_class_path (initial): C:\Users\rebel\Documents\Programming\War of the Ponies\WarOfThePonies\bin;C:\Users\rebel\Documents\Programming\War of the Ponies\WarOfThePonies\lib\dom4j-1.6.1\dom4j-1.6.1.jar;C:\Users\rebel\Documents\Programming\War of the Ponies\WarOfThePonies\lib\lib\jinput.jar;C:\Users\rebel\Documents\Programming\War of the Ponies\WarOfThePonies\lib\lib\jnlp.jar;C:\Users\rebel\Documents\Programming\War of the Ponies\WarOfThePonies\lib\lib\lwjgl.jar;C:\Users\rebel\Documents\Programming\War of the Ponies\WarOfThePonies\lib\lib\slick.jar
Launcher Type: SUN_STANDARD

Environment Variables:
PATH=C:/Program Files/Java/jre1.8.0_91/bin/server;C:/Program Files/Java/jre1.8.0_91/bin;C:/Program Files/Java/jre1.8.0_91/lib/amd64;C:\Windows\system32;C:\Windows;C:\Windows\System32\Wbem;C:\Windows\System32\WindowsPowerShell\v1.0\;C:\Program Files (x86)\ATI Technologies\ATI.ACE\Core-Static;C:\Program Files\MiKTeX 2.9\miktex\bin\x64\;C:\Program Files\Git\cmd;C:\Program Files\Git\mingw64\bin;C:\Program Files\Git\usr\bin;C:\Program Files (x86)\Skype\Phone\;C:\Program Files (x86)\QuickTime\QTSystem\;C:\WINDOWS\system32;C:\WINDOWS;C:\WINDOWS\System32\Wbem;C:\WINDOWS\System32\WindowsPowerShell\v1.0\;C:\ProgramData\Oracle\Java\javapath;"C:\Program Files (x86)\nirsoft_package_1.19.70\SysInternals";C:\Program Files (x86)\GNUWin\;C:\Program Files (x86)\GtkSharp\2.12\bin;C:\Users\rebel\AppData\Local\Programs\Python\Python35-32\Scripts\;C:\Users\rebel\AppData\Local\Programs\Python\Python35-32\;C:\eclipse;
USERNAME=rebel
OS=Windows_NT
PROCESSOR_IDENTIFIER=AMD64 Family 21 Model 48 Stepping 1, AuthenticAMD



---------------  S Y S T E M  ---------------

OS: Windows 10.0 , 64 bit Build 10586 (10.0.10586.0)

CPU:total 4 (4 cores per cpu, 1 threads per core) family 21 model 48 stepping 1, cmov, cx8, fxsr, mmx, sse, sse2, sse3, ssse3, sse4.1, sse4.2, popcnt, avx, aes, clmul, mmxext, 3dnowpref, lzcnt, sse4a, tsc, tscinvbit, tscinv, bmi1

Memory: 4k page, physical 7285188k(2174452k free), swap 12428860k(2107060k free)

vm_info: Java HotSpot(TM) 64-Bit Server VM (25.91-b14) for windows-amd64 JRE (1.8.0_91-b14), built on Apr  1 2016 00:58:32 by "java_re" with MS VC++ 10.0 (VS2010)

time: Thu May 05 21:57:44 2016
elapsed time: 39 seconds (0d 0h 0m 39s)

