#
# A fatal error has been detected by the Java Runtime Environment:
#
#  EXCEPTION_ACCESS_VIOLATION (0xc0000005) at pc=0x00007ffc78c32224, pid=12116, tid=9624
#
# JRE version: Java(TM) SE Runtime Environment (8.0_73-b02) (build 1.8.0_73-b02)
# Java VM: Java HotSpot(TM) 64-Bit Server VM (25.73-b02 mixed mode windows-amd64 compressed oops)
# Problematic frame:
# C  [OPENGL32.dll+0xe2224]
#
# Failed to write core dump. Minidumps are not enabled by default on client versions of Windows
#
# If you would like to submit a bug report, please visit:
#   http://bugreport.java.com/bugreport/crash.jsp
#

---------------  T H R E A D  ---------------

Current thread (0x00000000165b8000):  VMThread [stack: 0x0000000017650000,0x0000000017750000] [id=9624]

siginfo: ExceptionCode=0xc0000005, reading address 0x0000000000000a38

Registers:
RAX=0x0000000000000000, RBX=0x0000000019ef0690, RCX=0x0000000000000001, RDX=0x0000000019ef0698
RSP=0x000000001774ef58, RBP=0x0000000000000000, RSI=0x000000001a00aa90, RDI=0x000000001a00aa90
R8 =0x000000001774efd8, R9 =0x00000000164c5400, R10=0x0000000000000042, R11=0x0000000000000000
R12=0x0000000000000000, R13=0x000000001a006b48, R14=0x000000001a006a00, R15=0x0000000000000000
RIP=0x00007ffc78c32224, EFLAGS=0x0000000000010287

Top of Stack: (sp=0x000000001774ef58)
0x000000001774ef58:   00007ffc56c9455b 0000000000000001
0x000000001774ef68:   0000000019ef0698 000000001774efd8
0x000000001774ef78:   00000000164c5400 0000000000000000
0x000000001774ef88:   00007ffc56c99c17 0000000000000000
0x000000001774ef98:   0000000000000000 000000001a006b30
0x000000001774efa8:   00007ffc56c98f83 fffffffffffffffe
0x000000001774efb8:   000000001774f020 0000000000000000
0x000000001774efc8:   00007ffc56c9a4c9 000000001a00aa90
0x000000001774efd8:   000000001a009210 00000000164c5400
0x000000001774efe8:   00007ffc56d07258 fffffffffffffffe
0x000000001774eff8:   000000001a009050 0000000000000001
0x000000001774f008:   000000001a006b28 000000001a006a00
0x000000001774f018:   00007ffc56d0f37d 00007ffc56e3b890
0x000000001774f028:   00007ffc56d75280 00000000164c5400
0x000000001774f038:   00007ffc51d3ab80 000000001a006b28
0x000000001774f048:   000000001a006a00 000000001a006a00 

Instructions: (pc=0x00007ffc78c32224)
0x00007ffc78c32204:   cc cc cc cc cc cc 66 0f 1f 44 00 00 8b 05 f2 7d
0x00007ffc78c32214:   01 00 83 f8 40 73 0f 65 48 8b 04 c5 80 14 00 00
0x00007ffc78c32224:   ff a0 38 0a 00 00 b8 47 01 00 00 e9 ec d4 ff ff
0x00007ffc78c32234:   cc cc cc cc cc cc 66 0f 1f 44 00 00 8b 05 c2 7d 


Register to memory mapping:

RAX=0x0000000000000000 is an unknown value
RBX=0x0000000019ef0690 is an unknown value
RCX=0x0000000000000001 is an unknown value
RDX=0x0000000019ef0698 is an unknown value
RSP=0x000000001774ef58 is an unknown value
RBP=0x0000000000000000 is an unknown value
RSI=0x000000001a00aa90 is an unknown value
RDI=0x000000001a00aa90 is an unknown value
R8 =0x000000001774efd8 is an unknown value
R9 =0x00000000164c5400 is an unknown value
R10=0x0000000000000042 is an unknown value
R11=0x0000000000000000 is an unknown value
R12=0x0000000000000000 is an unknown value
R13=0x000000001a006b48 is an unknown value
R14=0x000000001a006a00 is an unknown value
R15=0x0000000000000000 is an unknown value


Stack: [0x0000000017650000,0x0000000017750000],  sp=0x000000001774ef58,  free space=1019k
Native frames: (J=compiled Java code, j=interpreted, Vv=VM code, C=native code)

VM_Operation (0x00000000021aee50): Exit, mode: safepoint, requested by thread 0x0000000002290800


---------------  P R O C E S S  ---------------

Java Threads: ( => current thread )
  0x00000000253c5800 JavaThread "AWT-EventQueue-0" [_thread_blocked, id=6828, stack(0x000000002fcf0000,0x000000002fdf0000)]
  0x0000000025338800 JavaThread "AWT-Shutdown" [_thread_blocked, id=4904, stack(0x000000002e4d0000,0x000000002e5d0000)]
  0x0000000023050800 JavaThread "LWJGL Timer" daemon [_thread_blocked, id=10880, stack(0x00000000268f0000,0x00000000269f0000)]
  0x0000000022c48000 JavaThread "Java2D Disposer" daemon [_thread_blocked, id=12984, stack(0x0000000019df0000,0x0000000019ef0000)]
  0x000000001829b800 JavaThread "Thread-2" daemon [_thread_in_native, id=4572, stack(0x0000000019b90000,0x0000000019c90000)]
  0x0000000017f56000 JavaThread "Service Thread" daemon [_thread_blocked, id=2200, stack(0x0000000018330000,0x0000000018430000)]
  0x000000001661e800 JavaThread "C1 CompilerThread2" daemon [_thread_blocked, id=5184, stack(0x0000000017e30000,0x0000000017f30000)]
  0x00000000165f9800 JavaThread "C2 CompilerThread1" daemon [_thread_blocked, id=7768, stack(0x0000000017d30000,0x0000000017e30000)]
  0x00000000165ed000 JavaThread "C2 CompilerThread0" daemon [_thread_blocked, id=648, stack(0x0000000017c30000,0x0000000017d30000)]
  0x00000000165eb800 JavaThread "Attach Listener" daemon [_thread_blocked, id=1896, stack(0x0000000017b30000,0x0000000017c30000)]
  0x00000000165ea800 JavaThread "Signal Dispatcher" daemon [_thread_blocked, id=2980, stack(0x0000000017a30000,0x0000000017b30000)]
  0x0000000002388000 JavaThread "Finalizer" daemon [_thread_blocked, id=12996, stack(0x0000000017850000,0x0000000017950000)]
  0x000000000237f000 JavaThread "Reference Handler" daemon [_thread_blocked, id=4564, stack(0x0000000017750000,0x0000000017850000)]
  0x0000000002290800 JavaThread "main" [_thread_blocked, id=12040, stack(0x00000000020b0000,0x00000000021b0000)]

Other Threads:
=>0x00000000165b8000 VMThread [stack: 0x0000000017650000,0x0000000017750000] [id=9624]

VM state:at safepoint (shutting down)

VM Mutex/Monitor currently owned by a thread:  ([mutex/lock_event])
[0x000000000052c9b0] Threads_lock - owner thread: 0x00000000165b8000

Heap:
 PSYoungGen      total 33280K, used 26737K [0x00000000daf00000, 0x00000000df000000, 0x0000000100000000)
  eden space 28672K, 77% used [0x00000000daf00000,0x00000000dc4a3b20,0x00000000dcb00000)
  from space 4608K, 99% used [0x00000000dcb00000,0x00000000dcf78900,0x00000000dcf80000)
  to   space 4608K, 0% used [0x00000000deb80000,0x00000000deb80000,0x00000000df000000)
 ParOldGen       total 76800K, used 27758K [0x0000000090c00000, 0x0000000095700000, 0x00000000daf00000)
  object space 76800K, 36% used [0x0000000090c00000,0x000000009271ba90,0x0000000095700000)
 Metaspace       used 10417K, capacity 10607K, committed 10752K, reserved 1058816K
  class space    used 1086K, capacity 1154K, committed 1280K, reserved 1048576K

Card table byte_map: [0x0000000011750000,0x0000000011ad0000] byte_map_base: 0x00000000112ca000

Marking Bits: (ParMarkBitMap*) 0x00000000596f0600
 Begin Bits: [0x0000000012130000, 0x0000000013d00000)
 End Bits:   [0x0000000013d00000, 0x00000000158d0000)

Polling page: 0x0000000000530000

CodeCache: size=245760Kb used=4298Kb max_used=4307Kb free=241461Kb
 bounds [0x0000000002390000, 0x00000000027d0000, 0x0000000011390000]
 total_blobs=1703 nmethods=1141 adapters=476
 compilation: enabled

Compilation events (10 events):
Event: 14.426 Thread 0x00000000165f9800 1137       4       org.newdawn.slick.TrueTypeFont::drawString (204 bytes)
Event: 14.446 Thread 0x00000000165f9800 nmethod 1137 0x00000000027c5250 code [0x00000000027c54e0, 0x00000000027c6558]
Event: 15.336 Thread 0x000000001661e800 1138       3       sun.reflect.ReflectionFactory::copyField (10 bytes)
Event: 15.336 Thread 0x000000001661e800 nmethod 1138 0x00000000027c4b10 code [0x00000000027c4ca0, 0x00000000027c5088]
Event: 15.336 Thread 0x000000001661e800 1139       3       java.lang.reflect.ReflectAccess::copyField (5 bytes)
Event: 15.336 Thread 0x000000001661e800 nmethod 1139 0x00000000027c46d0 code [0x00000000027c4840, 0x00000000027c4a48]
Event: 15.336 Thread 0x000000001661e800 1140       3       java.lang.reflect.Field::copy (76 bytes)
Event: 15.337 Thread 0x000000001661e800 nmethod 1140 0x00000000027c40d0 code [0x00000000027c4260, 0x00000000027c45b8]
Event: 15.337 Thread 0x000000001661e800 1141       3       java.lang.reflect.Field::<init> (44 bytes)
Event: 15.337 Thread 0x000000001661e800 nmethod 1141 0x00000000027c3bd0 code [0x00000000027c3d40, 0x00000000027c3fd0]

GC Heap History (6 events):
Event: 3.873 GC heap before
{Heap before GC invocations=1 (full 0):
 PSYoungGen      total 33280K, used 28672K [0x00000000daf00000, 0x00000000dd400000, 0x0000000100000000)
  eden space 28672K, 100% used [0x00000000daf00000,0x00000000dcb00000,0x00000000dcb00000)
  from space 4608K, 0% used [0x00000000dcf80000,0x00000000dcf80000,0x00000000dd400000)
  to   space 4608K, 0% used [0x00000000dcb00000,0x00000000dcb00000,0x00000000dcf80000)
 ParOldGen       total 76800K, used 0K [0x0000000090c00000, 0x0000000095700000, 0x00000000daf00000)
  object space 76800K, 0% used [0x0000000090c00000,0x0000000090c00000,0x0000000095700000)
 Metaspace       used 8924K, capacity 9103K, committed 9216K, reserved 1056768K
  class space    used 930K, capacity 994K, committed 1024K, reserved 1048576K
Event: 3.884 GC heap after
Heap after GC invocations=1 (full 0):
 PSYoungGen      total 33280K, used 4598K [0x00000000daf00000, 0x00000000dd400000, 0x0000000100000000)
  eden space 28672K, 0% used [0x00000000daf00000,0x00000000daf00000,0x00000000dcb00000)
  from space 4608K, 99% used [0x00000000dcb00000,0x00000000dcf7d888,0x00000000dcf80000)
  to   space 4608K, 0% used [0x00000000dcf80000,0x00000000dcf80000,0x00000000dd400000)
 ParOldGen       total 76800K, used 2450K [0x0000000090c00000, 0x0000000095700000, 0x00000000daf00000)
  object space 76800K, 3% used [0x0000000090c00000,0x0000000090e64a40,0x0000000095700000)
 Metaspace       used 8924K, capacity 9103K, committed 9216K, reserved 1056768K
  class space    used 930K, capacity 994K, committed 1024K, reserved 1048576K
}
Event: 4.299 GC heap before
{Heap before GC invocations=2 (full 0):
 PSYoungGen      total 33280K, used 32274K [0x00000000daf00000, 0x00000000dd400000, 0x0000000100000000)
  eden space 28672K, 96% used [0x00000000daf00000,0x00000000dca06fa8,0x00000000dcb00000)
  from space 4608K, 99% used [0x00000000dcb00000,0x00000000dcf7d888,0x00000000dcf80000)
  to   space 4608K, 0% used [0x00000000dcf80000,0x00000000dcf80000,0x00000000dd400000)
 ParOldGen       total 76800K, used 2450K [0x0000000090c00000, 0x0000000095700000, 0x00000000daf00000)
  object space 76800K, 3% used [0x0000000090c00000,0x0000000090e64a40,0x0000000095700000)
 Metaspace       used 10102K, capacity 10255K, committed 10368K, reserved 1058816K
  class space    used 1061K, capacity 1122K, committed 1152K, reserved 1048576K
Event: 4.304 GC heap after
Heap after GC invocations=2 (full 0):
 PSYoungGen      total 33280K, used 1656K [0x00000000daf00000, 0x00000000dd400000, 0x0000000100000000)
  eden space 28672K, 0% used [0x00000000daf00000,0x00000000daf00000,0x00000000dcb00000)
  from space 4608K, 35% used [0x00000000dcf80000,0x00000000dd11e158,0x00000000dd400000)
  to   space 4608K, 0% used [0x00000000dcb00000,0x00000000dcb00000,0x00000000dcf80000)
 ParOldGen       total 76800K, used 2458K [0x0000000090c00000, 0x0000000095700000, 0x00000000daf00000)
  object space 76800K, 3% used [0x0000000090c00000,0x0000000090e66a40,0x0000000095700000)
 Metaspace       used 10102K, capacity 10255K, committed 10368K, reserved 1058816K
  class space    used 1061K, capacity 1122K, committed 1152K, reserved 1048576K
}
Event: 4.443 GC heap before
{Heap before GC invocations=3 (full 0):
 PSYoungGen      total 33280K, used 30328K [0x00000000daf00000, 0x00000000dd400000, 0x0000000100000000)
  eden space 28672K, 100% used [0x00000000daf00000,0x00000000dcb00000,0x00000000dcb00000)
  from space 4608K, 35% used [0x00000000dcf80000,0x00000000dd11e158,0x00000000dd400000)
  to   space 4608K, 0% used [0x00000000dcb00000,0x00000000dcb00000,0x00000000dcf80000)
 ParOldGen       total 76800K, used 2458K [0x0000000090c00000, 0x0000000095700000, 0x00000000daf00000)
  object space 76800K, 3% used [0x0000000090c00000,0x0000000090e66a40,0x0000000095700000)
 Metaspace       used 10120K, capacity 10255K, committed 10368K, reserved 1058816K
  class space    used 1062K, capacity 1122K, committed 1152K, reserved 1048576K
Event: 4.468 GC heap after
Heap after GC invocations=3 (full 0):
 PSYoungGen      total 33280K, used 4578K [0x00000000daf00000, 0x00000000df000000, 0x0000000100000000)
  eden space 28672K, 0% used [0x00000000daf00000,0x00000000daf00000,0x00000000dcb00000)
  from space 4608K, 99% used [0x00000000dcb00000,0x00000000dcf78900,0x00000000dcf80000)
  to   space 4608K, 0% used [0x00000000deb80000,0x00000000deb80000,0x00000000df000000)
 ParOldGen       total 76800K, used 27758K [0x0000000090c00000, 0x0000000095700000, 0x00000000daf00000)
  object space 76800K, 36% used [0x0000000090c00000,0x000000009271ba90,0x0000000095700000)
 Metaspace       used 10120K, capacity 10255K, committed 10368K, reserved 1058816K
  class space    used 1062K, capacity 1122K, committed 1152K, reserved 1048576K
}

Deoptimization events (9 events):
Event: 1.691 Thread 0x0000000002290800 Uncommon trap: reason=unstable_if action=reinterpret pc=0x0000000002503d18 method=org.lwjgl.opengl.WindowsDisplay.setIcon([Ljava/nio/ByteBuffer;)I @ 189
Event: 3.779 Thread 0x0000000002290800 Uncommon trap: reason=unstable_if action=reinterpret pc=0x000000000261c9c0 method=sun.java2d.loops.GraphicsPrimitiveMgr.locate(Lsun/java2d/loops/GraphicsPrimitiveMgr$PrimitiveSpec;)Lsun/java2d/loops/GraphicsPrimitive; @ 85
Event: 4.033 Thread 0x0000000002290800 Uncommon trap: reason=unstable_if action=reinterpret pc=0x000000000253d4f4 method=java.lang.String.indexOf([CII[CIII)I @ 3
Event: 4.346 Thread 0x0000000002290800 Uncommon trap: reason=unstable_if action=reinterpret pc=0x0000000002645744 method=java.awt.image.ComponentColorModel.getDataElements(ILjava/lang/Object;)Ljava/lang/Object; @ 30
Event: 4.352 Thread 0x0000000002290800 Uncommon trap: reason=unstable_if action=reinterpret pc=0x0000000002693bcc method=java.awt.image.ComponentColorModel.getAlpha(Ljava/lang/Object;)I @ 4
Event: 4.352 Thread 0x0000000002290800 Uncommon trap: reason=unstable_if action=reinterpret pc=0x0000000002640968 method=java.awt.image.ComponentColorModel.extractComponent(Ljava/lang/Object;II)I @ 4
Event: 4.352 Thread 0x0000000002290800 Uncommon trap: reason=unstable_if action=reinterpret pc=0x000000000264391c method=java.awt.image.ComponentColorModel.getAlpha(Ljava/lang/Object;)I @ 4
Event: 4.352 Thread 0x0000000002290800 Uncommon trap: reason=unstable_if action=reinterpret pc=0x0000000002642554 method=java.awt.image.ComponentColorModel.getAlpha(Ljava/lang/Object;)I @ 4
Event: 4.353 Thread 0x0000000002290800 Uncommon trap: reason=unstable_if action=reinterpret pc=0x00000000026609d0 method=java.awt.image.ComponentColorModel.getAlpha(Ljava/lang/Object;)I @ 4

Internal exceptions (10 events):
Event: 0.053 Thread 0x0000000002290800 Exception <a 'java/lang/NoSuchMethodError': Method sun.misc.Unsafe.defineClass(Ljava/lang/String;[BII)Ljava/lang/Class; name or signature does not match> (0x00000000daf0ce50) thrown at [D:\re\puppet\workspace\8-2-build-windows-amd64-cygwin\jdk8u73\6086\hot%Z<´?
Event: 0.053 Thread 0x0000000002290800 Exception <a 'java/lang/NoSuchMethodError': Method sun.misc.Unsafe.prefetchRead(Ljava/lang/Object;J)V name or signature does not match> (0x00000000daf0d138) thrown at [D:\re\puppet\workspace\8-2-build-windows-amd64-cygwin\jdk8u73\6086\hotspot\src\share\vm\ÂbùO6◊?
Event: 0.363 Thread 0x0000000002290800 Exception <a 'java/security/PrivilegedActionException'> (0x00000000db210de8) thrown at [D:\re\puppet\workspace\8-2-build-windows-amd64-cygwin\jdk8u73\6086\hotspot\src\share\vm\prims\jvm.cpp, line 1386]
Event: 0.363 Thread 0x0000000002290800 Exception <a 'java/security/PrivilegedActionException'> (0x00000000db210ff8) thrown at [D:\re\puppet\workspace\8-2-build-windows-amd64-cygwin\jdk8u73\6086\hotspot\src\share\vm\prims\jvm.cpp, line 1386]
Event: 0.363 Thread 0x0000000002290800 Exception <a 'java/security/PrivilegedActionException'> (0x00000000db214ba0) thrown at [D:\re\puppet\workspace\8-2-build-windows-amd64-cygwin\jdk8u73\6086\hotspot\src\share\vm\prims\jvm.cpp, line 1386]
Event: 0.364 Thread 0x0000000002290800 Exception <a 'java/security/PrivilegedActionException'> (0x00000000db214db0) thrown at [D:\re\puppet\workspace\8-2-build-windows-amd64-cygwin\jdk8u73\6086\hotspot\src\share\vm\prims\jvm.cpp, line 1386]
Event: 2.664 Thread 0x0000000002290800 Exception <a 'java/io/FileNotFoundException'> (0x00000000db836288) thrown at [D:\re\puppet\workspace\8-2-build-windows-amd64-cygwin\jdk8u73\6086\hotspot\src\share\vm\prims\jni.cpp, line 709]
Event: 2.707 Thread 0x0000000002290800 Exception <a 'java/lang/NoSuchFieldError': method resolution failed> (0x00000000db9031e8) thrown at [D:\re\puppet\workspace\8-2-build-windows-amd64-cygwin\jdk8u73\6086\hotspot\src\share\vm\prims\methodHandles.cpp, line 1146]
Event: 2.709 Thread 0x0000000002290800 Exception <a 'java/lang/NoSuchFieldError': method resolution failed> (0x00000000db910508) thrown at [D:\re\puppet\workspace\8-2-build-windows-amd64-cygwin\jdk8u73\6086\hotspot\src\share\vm\prims\methodHandles.cpp, line 1146]
Event: 2.755 Thread 0x0000000002290800 Exception <a 'java/io/FileNotFoundException'> (0x00000000db9a8b40) thrown at [D:\re\puppet\workspace\8-2-build-windows-amd64-cygwin\jdk8u73\6086\hotspot\src\share\vm\prims\jni.cpp, line 709]

Events (10 events):
Event: 15.335 loading class java/awt/TrayIcon done
Event: 15.335 loading class java/awt/event/InputMethodEvent
Event: 15.335 loading class java/awt/event/InputMethodEvent done
Event: 15.335 loading class java/awt/event/ActionEvent
Event: 15.335 loading class java/awt/event/ActionEvent done
Event: 15.335 loading class java/util/concurrent/locks/LockSupport
Event: 15.335 loading class java/util/concurrent/locks/LockSupport done
Event: 15.380 Thread 0x0000000022c59000 Thread exited: 0x0000000022c59000
Event: 15.474 Thread 0x00000000253c4800 Thread exited: 0x00000000253c4800
Event: 15.474 Executing VM operation: Exit


Dynamic libraries:
0x00007ff74e110000 - 0x00007ff74e147000 	C:\Program Files\Java\jre1.8.0_73\bin\javaw.exe
0x00007ffc8fc50000 - 0x00007ffc8fe11000 	C:\WINDOWS\SYSTEM32\ntdll.dll
0x00007ffc8e080000 - 0x00007ffc8e12d000 	C:\WINDOWS\system32\KERNEL32.DLL
0x00007ffc8c4d0000 - 0x00007ffc8c6b8000 	C:\WINDOWS\system32\KERNELBASE.dll
0x00007ffc8f690000 - 0x00007ffc8f737000 	C:\WINDOWS\system32\ADVAPI32.dll
0x00007ffc8f7b0000 - 0x00007ffc8f84d000 	C:\WINDOWS\system32\msvcrt.dll
0x00007ffc8f8c0000 - 0x00007ffc8f91b000 	C:\WINDOWS\system32\sechost.dll
0x00007ffc8d720000 - 0x00007ffc8d83c000 	C:\WINDOWS\system32\RPCRT4.dll
0x00007ffc8dec0000 - 0x00007ffc8e016000 	C:\WINDOWS\system32\USER32.dll
0x00007ffc8d840000 - 0x00007ffc8d9c6000 	C:\WINDOWS\system32\GDI32.dll
0x00007ffc80610000 - 0x00007ffc80884000 	C:\WINDOWS\WinSxS\amd64_microsoft.windows.common-controls_6595b64144ccf1df_6.0.10586.0_none_8c15ae12515e1c22\COMCTL32.dll
0x00007ffc8d370000 - 0x00007ffc8d5ed000 	C:\WINDOWS\system32\combase.dll
0x00007ffc8cf20000 - 0x00007ffc8cf8a000 	C:\WINDOWS\system32\bcryptPrimitives.dll
0x00007ffc8d050000 - 0x00007ffc8d08b000 	C:\WINDOWS\system32\IMM32.DLL
0x00007ffc8bc00000 - 0x00007ffc8bc2d000 	C:\WINDOWS\SYSTEM32\SspiCli.dll
0x00007ffc8b450000 - 0x00007ffc8b481000 	C:\WINDOWS\SYSTEM32\ntmarta.dll
0x0000000058e00000 - 0x0000000058ed2000 	C:\Program Files\Java\jre1.8.0_73\bin\msvcr100.dll
0x0000000058ee0000 - 0x0000000059770000 	C:\Program Files\Java\jre1.8.0_73\bin\server\jvm.dll
0x00007ffc8d9d0000 - 0x00007ffc8d9d8000 	C:\WINDOWS\system32\PSAPI.DLL
0x00007ffc8a4f0000 - 0x00007ffc8a513000 	C:\WINDOWS\SYSTEM32\WINMM.dll
0x00007ffc7cfd0000 - 0x00007ffc7cfd9000 	C:\WINDOWS\SYSTEM32\WSOCK32.dll
0x00007ffc87890000 - 0x00007ffc8789a000 	C:\WINDOWS\SYSTEM32\VERSION.dll
0x00007ffc8f850000 - 0x00007ffc8f8bb000 	C:\WINDOWS\system32\WS2_32.dll
0x00007ffc8a4b0000 - 0x00007ffc8a4dc000 	C:\WINDOWS\SYSTEM32\WINMMBASE.dll
0x00007ffc8c750000 - 0x00007ffc8c793000 	C:\WINDOWS\system32\cfgmgr32.dll
0x000000005d1d0000 - 0x000000005d1df000 	C:\Program Files\Java\jre1.8.0_73\bin\verify.dll
0x000000005d1a0000 - 0x000000005d1c9000 	C:\Program Files\Java\jre1.8.0_73\bin\java.dll
0x000000005d180000 - 0x000000005d196000 	C:\Program Files\Java\jre1.8.0_73\bin\zip.dll
0x00007ffc8e130000 - 0x00007ffc8f68c000 	C:\WINDOWS\system32\SHELL32.dll
0x00007ffc8c800000 - 0x00007ffc8ce45000 	C:\WINDOWS\system32\windows.storage.dll
0x00007ffc8f920000 - 0x00007ffc8f972000 	C:\WINDOWS\system32\shlwapi.dll
0x00007ffc8c270000 - 0x00007ffc8c27f000 	C:\WINDOWS\system32\kernel.appcore.dll
0x00007ffc8cf90000 - 0x00007ffc8d045000 	C:\WINDOWS\system32\shcore.dll
0x00007ffc8c290000 - 0x00007ffc8c2db000 	C:\WINDOWS\system32\powrprof.dll
0x00007ffc8c2e0000 - 0x00007ffc8c2f4000 	C:\WINDOWS\system32\profapi.dll
0x0000000180000000 - 0x0000000180053000 	C:\Users\rebel\Documents\School\Other learning\Java 101\workspace\WarOfThePonies\lib\lwjgl64.dll
0x00007ffc78b50000 - 0x00007ffc78c79000 	C:\WINDOWS\SYSTEM32\OPENGL32.dll
0x00007ffc8be30000 - 0x00007ffc8be5e000 	C:\WINDOWS\SYSTEM32\GLU32.dll
0x00007ffc78a50000 - 0x00007ffc78b4a000 	C:\WINDOWS\SYSTEM32\DDRAW.dll
0x00007ffc8be20000 - 0x00007ffc8be28000 	C:\WINDOWS\SYSTEM32\DCIMAN32.dll
0x00007ffc8ab50000 - 0x00007ffc8abe6000 	C:\WINDOWS\system32\uxtheme.dll
0x00007ffc8d210000 - 0x00007ffc8d36a000 	C:\WINDOWS\system32\MSCTF.dll
0x00007ffc789c0000 - 0x00007ffc789eb000 	C:\PROGRA~2\RAPTRI~1\Raptr\ltc_help64-111387.dll
0x00007ffc8c7a0000 - 0x00007ffc8c7f5000 	C:\WINDOWS\system32\WINTRUST.dll
0x00007ffc8c280000 - 0x00007ffc8c290000 	C:\WINDOWS\system32\MSASN1.dll
0x00007ffc8c300000 - 0x00007ffc8c4c7000 	C:\WINDOWS\system32\CRYPT32.dll
0x00007ffc787d0000 - 0x00007ffc787fb000 	C:\PROGRA~2\RAPTRI~1\PlaysTV\ltc_help64-111387.dll
0x00007ffc7e0f0000 - 0x00007ffc7e108000 	C:\WINDOWS\SYSTEM32\atig6pxx.dll
0x0000000057050000 - 0x0000000058df3000 	C:\WINDOWS\SYSTEM32\atio6axx.dll
0x00007ffc8da90000 - 0x00007ffc8deb9000 	C:\WINDOWS\system32\SETUPAPI.dll
0x00007ffc8a6e0000 - 0x00007ffc8a702000 	C:\WINDOWS\SYSTEM32\dwmapi.dll
0x00007ffc78000000 - 0x00007ffc78148000 	C:\WINDOWS\SYSTEM32\atiadlxx.dll
0x00007ffc8d0c0000 - 0x00007ffc8d203000 	C:\WINDOWS\system32\ole32.dll
0x00007ffc8a730000 - 0x00007ffc8a743000 	C:\WINDOWS\SYSTEM32\WTSAPI32.dll
0x00007ffc89360000 - 0x00007ffc894e6000 	C:\WINDOWS\SYSTEM32\PROPSYS.dll
0x00007ffc8b6c0000 - 0x00007ffc8b6df000 	C:\WINDOWS\SYSTEM32\USERENV.dll
0x00007ffc8d5f0000 - 0x00007ffc8d6b1000 	C:\WINDOWS\system32\OLEAUT32.dll
0x00007ffc86320000 - 0x00007ffc86358000 	C:\WINDOWS\SYSTEM32\IPHLPAPI.DLL
0x00007ffc8c050000 - 0x00007ffc8c077000 	C:\WINDOWS\SYSTEM32\DEVOBJ.dll
0x00007ffc860e0000 - 0x00007ffc8610c000 	C:\WINDOWS\SYSTEM32\atig6txx.dll
0x00007ffc6f6f0000 - 0x00007ffc6f781000 	C:\WINDOWS\SYSTEM32\mscms.dll
0x00007ffc7e0a0000 - 0x00007ffc7e0e2000 	C:\WINDOWS\SYSTEM32\icm32.dll
0x0000000056eb0000 - 0x0000000057048000 	C:\Program Files\Java\jre1.8.0_73\bin\awt.dll
0x00007ffc8a750000 - 0x00007ffc8a7c9000 	C:\WINDOWS\system32\apphelp.dll
0x0000000018980000 - 0x0000000018996000 	C:\Users\rebel\Documents\School\Other learning\Java 101\workspace\WarOfThePonies\lib\jinput-dx8_64.dll
0x00007ffc7d9b0000 - 0x00007ffc7d9f1000 	C:\WINDOWS\SYSTEM32\DINPUT8.dll
0x00007ffc8af50000 - 0x00007ffc8af5c000 	C:\WINDOWS\SYSTEM32\HID.DLL
0x0000000019760000 - 0x0000000019774000 	C:\Users\rebel\Documents\School\Other learning\Java 101\workspace\WarOfThePonies\lib\jinput-raw_64.dll
0x0000000056e60000 - 0x0000000056ea7000 	C:\Program Files\Java\jre1.8.0_73\bin\fontmanager.dll
0x00007ffc6e530000 - 0x00007ffc6e740000 	C:\WINDOWS\system32\d3d9.dll
0x000000005d160000 - 0x000000005d17a000 	C:\Program Files\Java\jre1.8.0_73\bin\net.dll
0x00007ffc8b830000 - 0x00007ffc8b88c000 	C:\WINDOWS\system32\mswsock.dll
0x000000005d140000 - 0x000000005d151000 	C:\Program Files\Java\jre1.8.0_73\bin\nio.dll
0x0000000056e10000 - 0x0000000056e52000 	C:\Program Files\Java\jre1.8.0_73\bin\t2k.dll
0x00007ffc8b8e0000 - 0x00007ffc8b8f7000 	C:\WINDOWS\SYSTEM32\CRYPTSP.dll
0x00007ffc8b570000 - 0x00007ffc8b5a4000 	C:\WINDOWS\system32\rsaenh.dll
0x00007ffc8c1b0000 - 0x00007ffc8c1d9000 	C:\WINDOWS\SYSTEM32\bcrypt.dll
0x00007ffc8ba00000 - 0x00007ffc8ba0b000 	C:\WINDOWS\SYSTEM32\CRYPTBASE.dll
0x00007ffc8fa90000 - 0x00007ffc8fa98000 	C:\WINDOWS\system32\NSI.dll
0x00007ffc85830000 - 0x00007ffc85846000 	C:\WINDOWS\SYSTEM32\dhcpcsvc6.DLL
0x00007ffc85810000 - 0x00007ffc8582a000 	C:\WINDOWS\SYSTEM32\dhcpcsvc.DLL
0x0000000056dd0000 - 0x0000000056e01000 	C:\Program Files\Java\jre1.8.0_73\bin\jpeg.dll
0x00007ffc8d090000 - 0x00007ffc8d0ac000 	C:\WINDOWS\system32\imagehlp.dll
0x00007ffc8af60000 - 0x00007ffc8af84000 	C:\WINDOWS\SYSTEM32\gpapi.dll
0x00007ffc7dfb0000 - 0x00007ffc7dfdf000 	C:\Windows\System32\cryptnet.dll
0x00007ffc85b30000 - 0x00007ffc85b3b000 	C:\WINDOWS\SYSTEM32\WINNSI.DLL
0x00007ffc56c30000 - 0x00007ffc56e57000 	C:\PROGRA~2\RAPTRI~1\Raptr\ltc_game64-111387.dll
0x00007ffc51cf0000 - 0x00007ffc51f15000 	C:\PROGRA~2\RAPTRI~1\PlaysTV\ltc_game64-111387.dll
0x00007ffc78c80000 - 0x00007ffc78e0c000 	C:\WINDOWS\SYSTEM32\dbghelp.dll

VM Arguments:
jvm_args: -Djava.library.path=lib -Dfile.encoding=Cp1252 
java_command: main.WoE
java_class_path (initial): C:\Users\rebel\Documents\School\Other learning\Java 101\workspace\WarOfThePonies\bin;C:\Users\rebel\Documents\School\Other learning\Java 101\workspace\WarOfThePonies\lib\lib\jinput.jar;C:\Users\rebel\Documents\School\Other learning\Java 101\workspace\WarOfThePonies\lib\lib\lwjgl_util.jar;C:\Users\rebel\Documents\School\Other learning\Java 101\workspace\WarOfThePonies\lib\lib\lwjgl.jar;C:\Users\rebel\Documents\School\Other learning\Java 101\workspace\WarOfThePonies\lib\lib\slick.jar
Launcher Type: SUN_STANDARD

Environment Variables:
PATH=C:/Program Files/Java/jre1.8.0_73/bin/server;C:/Program Files/Java/jre1.8.0_73/bin;C:/Program Files/Java/jre1.8.0_73/lib/amd64;C:\Windows\system32;C:\Windows;C:\Windows\System32\Wbem;C:\Windows\System32\WindowsPowerShell\v1.0\;C:\Program Files (x86)\ATI Technologies\ATI.ACE\Core-Static;C:\Program Files\MiKTeX 2.9\miktex\bin\x64\;C:\Program Files\Git\cmd;C:\Program Files\Git\mingw64\bin;C:\Program Files\Git\usr\bin;C:\Program Files (x86)\Skype\Phone\;C:\Program Files (x86)\QuickTime\QTSystem\;C:\WINDOWS\system32;C:\WINDOWS;C:\WINDOWS\System32\Wbem;C:\WINDOWS\System32\WindowsPowerShell\v1.0\;C:\ProgramData\Oracle\Java\javapath;"C:\Program Files (x86)\nirsoft_package_1.19.70\SysInternals";C:\Program Files (x86)\GNUWin\;C:\Program Files (x86)\GtkSharp\2.12\bin;C:\Users\rebel\AppData\Local\Programs\Python\Python35-32\Scripts\;C:\Users\rebel\AppData\Local\Programs\Python\Python35-32\;C:\eclipse;
USERNAME=rebel
OS=Windows_NT
PROCESSOR_IDENTIFIER=AMD64 Family 21 Model 48 Stepping 1, AuthenticAMD



---------------  S Y S T E M  ---------------

OS: Windows 10.0 , 64 bit Build 10586 (10.0.10586.0)

CPU:total 4 (4 cores per cpu, 1 threads per core) family 21 model 48 stepping 1, cmov, cx8, fxsr, mmx, sse, sse2, sse3, ssse3, sse4.1, sse4.2, popcnt, avx, aes, clmul, mmxext, 3dnowpref, lzcnt, sse4a, tsc, tscinvbit, tscinv, bmi1

Memory: 4k page, physical 7285188k(2898940k free), swap 9333188k(1276616k free)

vm_info: Java HotSpot(TM) 64-Bit Server VM (25.73-b02) for windows-amd64 JRE (1.8.0_73-b02), built on Jan 29 2016 17:38:49 by "java_re" with MS VC++ 10.0 (VS2010)

time: Tue Apr 19 14:08:25 2016
elapsed time: 16 seconds (0d 0h 0m 16s)

