#
# A fatal error has been detected by the Java Runtime Environment:
#
#  EXCEPTION_ACCESS_VIOLATION (0xc0000005) at pc=0x00007ffc78c32224, pid=9520, tid=23980
#
# JRE version: Java(TM) SE Runtime Environment (8.0_91-b14) (build 1.8.0_91-b14)
# Java VM: Java HotSpot(TM) 64-Bit Server VM (25.91-b14 mixed mode windows-amd64 compressed oops)
# Problematic frame:
# C  [OPENGL32.dll+0xe2224]
#
# Failed to write core dump. Minidumps are not enabled by default on client versions of Windows
#
# If you would like to submit a bug report, please visit:
#   http://bugreport.java.com/bugreport/crash.jsp
#

---------------  T H R E A D  ---------------

Current thread (0x0000000016527800):  VMThread [stack: 0x00000000175c0000,0x00000000176c0000] [id=23980]

siginfo: ExceptionCode=0xc0000005, reading address 0x0000000000000a38

Registers:
RAX=0x0000000000000000, RBX=0x00000000272b01b0, RCX=0x0000000000000001, RDX=0x00000000272b01b8
RSP=0x00000000176bedd8, RBP=0x0000000000000000, RSI=0x00000000272b3ab0, RDI=0x00000000272b3ab0
R8 =0x00000000176bee58, R9 =0x000000000229f8b0, R10=0x0000000000000000, R11=0x0000000000000246
R12=0x0000000000000000, R13=0x000000002b1c6b78, R14=0x000000002b1c6a30, R15=0x0000000000000000
RIP=0x00007ffc78c32224, EFLAGS=0x0000000000010287

Top of Stack: (sp=0x00000000176bedd8)
0x00000000176bedd8:   00007ffc4c69218b 000000002b1c6b78
0x00000000176bede8:   0000000000000001 000000002b1c0000
0x00000000176bedf8:   00007ffc8fc70ad9 0000000000000000
0x00000000176bee08:   00007ffc4c697847 0000000000000000
0x00000000176bee18:   0000000000000000 000000002b1c6b60
0x00000000176bee28:   00007ffc4c696bb3 fffffffffffffffe
0x00000000176bee38:   00000000176beea0 0000000000000000
0x00000000176bee48:   00007ffc4c6980f9 00000000272b3ab0
0x00000000176bee58:   000000002b1caad0 000000000229f8b0
0x00000000176bee68:   00007ffc4c704f88 fffffffffffffffe
0x00000000176bee78:   000000002b1c9090 0000000000000001
0x00000000176bee88:   000000002b1c6b58 000000002b1c6a30
0x00000000176bee98:   00007ffc4c70d0ad 00007ffc4c8397f0
0x00000000176beea8:   00007ffc4c772f50 000000000229f8b0
0x00000000176beeb8:   00007ffc8fc70ad9 000000002b1c6b58
0x00000000176beec8:   000000002b1c6a30 000000002b1c6a30 

Instructions: (pc=0x00007ffc78c32224)
0x00007ffc78c32204:   cc cc cc cc cc cc 66 0f 1f 44 00 00 8b 05 f2 7d
0x00007ffc78c32214:   01 00 83 f8 40 73 0f 65 48 8b 04 c5 80 14 00 00
0x00007ffc78c32224:   ff a0 38 0a 00 00 b8 47 01 00 00 e9 ec d4 ff ff
0x00007ffc78c32234:   cc cc cc cc cc cc 66 0f 1f 44 00 00 8b 05 c2 7d 


Register to memory mapping:

RAX=0x0000000000000000 is an unknown value
RBX=0x00000000272b01b0 is an unknown value
RCX=0x0000000000000001 is an unknown value
RDX=0x00000000272b01b8 is an unknown value
RSP=0x00000000176bedd8 is an unknown value
RBP=0x0000000000000000 is an unknown value
RSI=0x00000000272b3ab0 is an unknown value
RDI=0x00000000272b3ab0 is an unknown value
R8 =0x00000000176bee58 is an unknown value
R9 =0x000000000229f8b0 is an unknown value
R10=0x0000000000000000 is an unknown value
R11=0x0000000000000246 is an unknown value
R12=0x0000000000000000 is an unknown value
R13=0x000000002b1c6b78 is an unknown value
R14=0x000000002b1c6a30 is an unknown value
R15=0x0000000000000000 is an unknown value


Stack: [0x00000000175c0000,0x00000000176c0000],  sp=0x00000000176bedd8,  free space=1019k
Native frames: (J=compiled Java code, j=interpreted, Vv=VM code, C=native code)

VM_Operation (0x00000000021fef70): Exit, mode: safepoint, requested by thread 0x0000000002200800


---------------  P R O C E S S  ---------------

Java Threads: ( => current thread )
  0x0000000017fad800 JavaThread "AWT-EventQueue-0" [_thread_blocked, id=20740, stack(0x00000000342c0000,0x00000000343c0000)]
  0x0000000025a45800 JavaThread "AWT-Shutdown" [_thread_blocked, id=16328, stack(0x00000000341c0000,0x00000000342c0000)]
  0x0000000023ff7800 JavaThread "Java2D Disposer" daemon [_thread_blocked, id=5520, stack(0x0000000019c80000,0x0000000019d80000)]
  0x00000000181e3000 JavaThread "Thread-2" daemon [_thread_in_native, id=16100, stack(0x00000000198c0000,0x00000000199c0000)]
  0x0000000017ed4800 JavaThread "Service Thread" daemon [_thread_blocked, id=14152, stack(0x00000000182a0000,0x00000000183a0000)]
  0x0000000016566800 JavaThread "C1 CompilerThread2" daemon [_thread_blocked, id=23464, stack(0x0000000017da0000,0x0000000017ea0000)]
  0x000000001655f800 JavaThread "C2 CompilerThread1" daemon [_thread_blocked, id=21580, stack(0x0000000017ca0000,0x0000000017da0000)]
  0x000000001655d000 JavaThread "C2 CompilerThread0" daemon [_thread_blocked, id=22876, stack(0x0000000017ba0000,0x0000000017ca0000)]
  0x000000001655b800 JavaThread "Attach Listener" daemon [_thread_blocked, id=17724, stack(0x0000000017aa0000,0x0000000017ba0000)]
  0x000000001655a800 JavaThread "Signal Dispatcher" daemon [_thread_blocked, id=11812, stack(0x00000000179a0000,0x0000000017aa0000)]
  0x000000001654a800 JavaThread "Finalizer" daemon [_thread_blocked, id=23324, stack(0x00000000177c0000,0x00000000178c0000)]
  0x00000000022ef000 JavaThread "Reference Handler" daemon [_thread_blocked, id=23776, stack(0x00000000176c0000,0x00000000177c0000)]
  0x0000000002200800 JavaThread "main" [_thread_blocked, id=16368, stack(0x0000000002100000,0x0000000002200000)]

Other Threads:
=>0x0000000016527800 VMThread [stack: 0x00000000175c0000,0x00000000176c0000] [id=23980]

VM state:at safepoint (shutting down)

VM Mutex/Monitor currently owned by a thread:  ([mutex/lock_event])
[0x00000000008cbd30] Threads_lock - owner thread: 0x0000000016527800

Heap:
 PSYoungGen      total 33280K, used 33272K [0x00000000daf00000, 0x00000000df000000, 0x0000000100000000)
  eden space 28672K, 100% used [0x00000000daf00000,0x00000000dcb00000,0x00000000dcb00000)
  from space 4608K, 99% used [0x00000000dcb00000,0x00000000dcf7e178,0x00000000dcf80000)
  to   space 4608K, 0% used [0x00000000deb80000,0x00000000deb80000,0x00000000df000000)
 ParOldGen       total 76800K, used 28032K [0x0000000090c00000, 0x0000000095700000, 0x00000000daf00000)
  object space 76800K, 36% used [0x0000000090c00000,0x00000000927600f8,0x0000000095700000)
 Metaspace       used 11792K, capacity 11983K, committed 12160K, reserved 1060864K
  class space    used 1233K, capacity 1314K, committed 1408K, reserved 1048576K

Card table byte_map: [0x00000000116c0000,0x0000000011a40000] byte_map_base: 0x000000001123a000

Marking Bits: (ParMarkBitMap*) 0x000000005ade2f70
 Begin Bits: [0x00000000120a0000, 0x0000000013c70000)
 End Bits:   [0x0000000013c70000, 0x0000000015840000)

Polling page: 0x00000000008b0000

CodeCache: size=245760Kb used=5778Kb max_used=5778Kb free=239981Kb
 bounds [0x0000000002300000, 0x00000000028b0000, 0x0000000011300000]
 total_blobs=2058 nmethods=1486 adapters=486
 compilation: enabled

Compilation events (10 events):
Event: 72.480 Thread 0x0000000016566800 1482       3       java.lang.reflect.Field::copy (76 bytes)
Event: 72.480 Thread 0x0000000016566800 nmethod 1482 0x0000000002896210 code [0x00000000028963a0, 0x00000000028966f8]
Event: 72.480 Thread 0x0000000016566800 1483       3       java.lang.reflect.Field::<init> (44 bytes)
Event: 72.481 Thread 0x0000000016566800 nmethod 1483 0x000000000289da10 code [0x000000000289db80, 0x000000000289de10]
Event: 72.593 Thread 0x0000000016566800 1484       3       java.util.zip.ZipFile$ZipFileInflaterInputStream::fill (80 bytes)
Event: 72.594 Thread 0x0000000016566800 nmethod 1484 0x000000000289d290 code [0x000000000289d420, 0x000000000289d828]
Event: 72.594 Thread 0x0000000016566800 1485   !   3       java.util.zip.ZipFile$ZipFileInputStream::read (131 bytes)
Event: 72.595 Thread 0x0000000016566800 nmethod 1485 0x000000000289c2d0 code [0x000000000289c4a0, 0x000000000289cd28]
Event: 72.595 Thread 0x0000000016566800 1486       3       java.util.zip.ZipFile::access$1300 (5 bytes)
Event: 72.595 Thread 0x0000000016566800 nmethod 1486 0x000000000289bdd0 code [0x000000000289bf40, 0x000000000289c1a8]

GC Heap History (6 events):
Event: 2.128 GC heap before
{Heap before GC invocations=1 (full 0):
 PSYoungGen      total 33280K, used 28672K [0x00000000daf00000, 0x00000000dd400000, 0x0000000100000000)
  eden space 28672K, 100% used [0x00000000daf00000,0x00000000dcb00000,0x00000000dcb00000)
  from space 4608K, 0% used [0x00000000dcf80000,0x00000000dcf80000,0x00000000dd400000)
  to   space 4608K, 0% used [0x00000000dcb00000,0x00000000dcb00000,0x00000000dcf80000)
 ParOldGen       total 76800K, used 0K [0x0000000090c00000, 0x0000000095700000, 0x00000000daf00000)
  object space 76800K, 0% used [0x0000000090c00000,0x0000000090c00000,0x0000000095700000)
 Metaspace       used 8939K, capacity 9099K, committed 9216K, reserved 1056768K
  class space    used 932K, capacity 994K, committed 1024K, reserved 1048576K
Event: 2.140 GC heap after
Heap after GC invocations=1 (full 0):
 PSYoungGen      total 33280K, used 4600K [0x00000000daf00000, 0x00000000dd400000, 0x0000000100000000)
  eden space 28672K, 0% used [0x00000000daf00000,0x00000000daf00000,0x00000000dcb00000)
  from space 4608K, 99% used [0x00000000dcb00000,0x00000000dcf7e188,0x00000000dcf80000)
  to   space 4608K, 0% used [0x00000000dcf80000,0x00000000dcf80000,0x00000000dd400000)
 ParOldGen       total 76800K, used 2444K [0x0000000090c00000, 0x0000000095700000, 0x00000000daf00000)
  object space 76800K, 3% used [0x0000000090c00000,0x0000000090e63038,0x0000000095700000)
 Metaspace       used 8939K, capacity 9099K, committed 9216K, reserved 1056768K
  class space    used 932K, capacity 994K, committed 1024K, reserved 1048576K
}
Event: 2.683 GC heap before
{Heap before GC invocations=2 (full 0):
 PSYoungGen      total 33280K, used 32540K [0x00000000daf00000, 0x00000000dd400000, 0x0000000100000000)
  eden space 28672K, 97% used [0x00000000daf00000,0x00000000dca490a0,0x00000000dcb00000)
  from space 4608K, 99% used [0x00000000dcb00000,0x00000000dcf7e188,0x00000000dcf80000)
  to   space 4608K, 0% used [0x00000000dcf80000,0x00000000dcf80000,0x00000000dd400000)
 ParOldGen       total 76800K, used 2444K [0x0000000090c00000, 0x0000000095700000, 0x00000000daf00000)
  object space 76800K, 3% used [0x0000000090c00000,0x0000000090e63038,0x0000000095700000)
 Metaspace       used 11267K, capacity 11471K, committed 11520K, reserved 1058816K
  class space    used 1201K, capacity 1250K, committed 1280K, reserved 1048576K
Event: 2.688 GC heap after
Heap after GC invocations=2 (full 0):
 PSYoungGen      total 33280K, used 1960K [0x00000000daf00000, 0x00000000dd400000, 0x0000000100000000)
  eden space 28672K, 0% used [0x00000000daf00000,0x00000000daf00000,0x00000000dcb00000)
  from space 4608K, 42% used [0x00000000dcf80000,0x00000000dd16a148,0x00000000dd400000)
  to   space 4608K, 0% used [0x00000000dcb00000,0x00000000dcb00000,0x00000000dcf80000)
 ParOldGen       total 76800K, used 2516K [0x0000000090c00000, 0x0000000095700000, 0x00000000daf00000)
  object space 76800K, 3% used [0x0000000090c00000,0x0000000090e75048,0x0000000095700000)
 Metaspace       used 11267K, capacity 11471K, committed 11520K, reserved 1058816K
  class space    used 1201K, capacity 1250K, committed 1280K, reserved 1048576K
}
Event: 2.829 GC heap before
{Heap before GC invocations=3 (full 0):
 PSYoungGen      total 33280K, used 30632K [0x00000000daf00000, 0x00000000dd400000, 0x0000000100000000)
  eden space 28672K, 100% used [0x00000000daf00000,0x00000000dcb00000,0x00000000dcb00000)
  from space 4608K, 42% used [0x00000000dcf80000,0x00000000dd16a148,0x00000000dd400000)
  to   space 4608K, 0% used [0x00000000dcb00000,0x00000000dcb00000,0x00000000dcf80000)
 ParOldGen       total 76800K, used 2516K [0x0000000090c00000, 0x0000000095700000, 0x00000000daf00000)
  object space 76800K, 3% used [0x0000000090c00000,0x0000000090e75048,0x0000000095700000)
 Metaspace       used 11285K, capacity 11471K, committed 11520K, reserved 1058816K
  class space    used 1201K, capacity 1250K, committed 1280K, reserved 1048576K
Event: 2.854 GC heap after
Heap after GC invocations=3 (full 0):
 PSYoungGen      total 33280K, used 4600K [0x00000000daf00000, 0x00000000df000000, 0x0000000100000000)
  eden space 28672K, 0% used [0x00000000daf00000,0x00000000daf00000,0x00000000dcb00000)
  from space 4608K, 99% used [0x00000000dcb00000,0x00000000dcf7e178,0x00000000dcf80000)
  to   space 4608K, 0% used [0x00000000deb80000,0x00000000deb80000,0x00000000df000000)
 ParOldGen       total 76800K, used 28032K [0x0000000090c00000, 0x0000000095700000, 0x00000000daf00000)
  object space 76800K, 36% used [0x0000000090c00000,0x00000000927600f8,0x0000000095700000)
 Metaspace       used 11285K, capacity 11471K, committed 11520K, reserved 1058816K
  class space    used 1201K, capacity 1250K, committed 1280K, reserved 1048576K
}

Deoptimization events (10 events):
Event: 46.362 Thread 0x0000000002200800 Uncommon trap: reason=unstable_if action=reinterpret pc=0x000000000282eb4c method=mapEngine.Maps.isOnScreen(Lorg/newdawn/slick/GameContainer;)V @ 13
Event: 46.364 Thread 0x0000000002200800 Uncommon trap: reason=unstable_if action=reinterpret pc=0x0000000002828154 method=mapEngine.Maps.isOnScreen(Lorg/newdawn/slick/GameContainer;)V @ 13
Event: 46.771 Thread 0x0000000002200800 Uncommon trap: reason=unstable_if action=reinterpret pc=0x000000000282910c method=org.newdawn.slick.geom.Shape.setX(F)V @ 6
Event: 46.773 Thread 0x0000000002200800 Uncommon trap: reason=unstable_if action=reinterpret pc=0x00000000027decb4 method=org.newdawn.slick.geom.Shape.setX(F)V @ 6
Event: 57.389 Thread 0x0000000002200800 Uncommon trap: reason=unstable_if action=reinterpret pc=0x000000000288bdb8 method=mapEngine.Maps.isOnScreen(Lorg/newdawn/slick/GameContainer;)V @ 87
Event: 57.390 Thread 0x0000000002200800 Uncommon trap: reason=unstable_if action=reinterpret pc=0x00000000028843dc method=mapEngine.Maps.isOnScreen(Lorg/newdawn/slick/GameContainer;)V @ 87
Event: 57.392 Thread 0x0000000002200800 Uncommon trap: reason=unstable_if action=reinterpret pc=0x00000000028857c4 method=mapEngine.Maps.isOnScreen(Lorg/newdawn/slick/GameContainer;)V @ 87
Event: 58.024 Thread 0x0000000002200800 Uncommon trap: reason=unstable_if action=reinterpret pc=0x0000000002869598 method=org.newdawn.slick.geom.Shape.setY(F)V @ 6
Event: 71.980 Thread 0x0000000002200800 Uncommon trap: reason=unstable_if action=reinterpret pc=0x00000000028a34d4 method=mapEngine.Maps.update(Lorg/newdawn/slick/GameContainer;Lorg/newdawn/slick/state/StateBasedGame;I)V @ 12
Event: 72.475 Thread 0x0000000017fad800 Uncommon trap: reason=unstable_if action=reinterpret pc=0x00000000027d3814 method=java.util.HashMap$HashIterator.<init>(Ljava/util/HashMap;)V @ 38

Internal exceptions (10 events):
Event: 0.049 Thread 0x0000000002200800 Exception <a 'java/lang/NoSuchMethodError': Method sun.misc.Unsafe.prefetchRead(Ljava/lang/Object;J)V name or signature does not match> (0x00000000daf07fa8) thrown at [C:\re\workspace\8-2-build-windows-amd64-cygwin\jdk8u91\6644\hotspot\src\share\vm\prims\j¡ÜGÊ‡Ì?
Event: 0.223 Thread 0x0000000002200800 Exception <a 'java/security/PrivilegedActionException'> (0x00000000db1818a8) thrown at [C:\re\workspace\8-2-build-windows-amd64-cygwin\jdk8u91\6644\hotspot\src\share\vm\prims\jvm.cpp, line 1386]
Event: 0.223 Thread 0x0000000002200800 Exception <a 'java/security/PrivilegedActionException'> (0x00000000db181ab8) thrown at [C:\re\workspace\8-2-build-windows-amd64-cygwin\jdk8u91\6644\hotspot\src\share\vm\prims\jvm.cpp, line 1386]
Event: 0.224 Thread 0x0000000002200800 Exception <a 'java/security/PrivilegedActionException'> (0x00000000db185660) thrown at [C:\re\workspace\8-2-build-windows-amd64-cygwin\jdk8u91\6644\hotspot\src\share\vm\prims\jvm.cpp, line 1386]
Event: 0.224 Thread 0x0000000002200800 Exception <a 'java/security/PrivilegedActionException'> (0x00000000db185870) thrown at [C:\re\workspace\8-2-build-windows-amd64-cygwin\jdk8u91\6644\hotspot\src\share\vm\prims\jvm.cpp, line 1386]
Event: 1.712 Thread 0x0000000002200800 Exception <a 'java/io/FileNotFoundException'> (0x00000000db7a2198) thrown at [C:\re\workspace\8-2-build-windows-amd64-cygwin\jdk8u91\6644\hotspot\src\share\vm\prims\jni.cpp, line 709]
Event: 1.759 Thread 0x0000000002200800 Exception <a 'java/lang/NoSuchFieldError': method resolution failed> (0x00000000db86f2d0) thrown at [C:\re\workspace\8-2-build-windows-amd64-cygwin\jdk8u91\6644\hotspot\src\share\vm\prims\methodHandles.cpp, line 1146]
Event: 1.761 Thread 0x0000000002200800 Exception <a 'java/lang/NoSuchFieldError': method resolution failed> (0x00000000db87c5f0) thrown at [C:\re\workspace\8-2-build-windows-amd64-cygwin\jdk8u91\6644\hotspot\src\share\vm\prims\methodHandles.cpp, line 1146]
Event: 1.811 Thread 0x0000000002200800 Exception <a 'java/io/FileNotFoundException'> (0x00000000db914ad8) thrown at [C:\re\workspace\8-2-build-windows-amd64-cygwin\jdk8u91\6644\hotspot\src\share\vm\prims\jni.cpp, line 709]
Event: 72.475 Thread 0x0000000017fad800 Implicit null exception at 0x00000000027d35a8 to 0x00000000027d37fd

Events (10 events):
Event: 72.599 loading class java/util/IdentityHashMap$KeyIterator
Event: 72.599 loading class java/util/IdentityHashMap$KeyIterator done
Event: 72.600 Thread 0x0000000017faf800 Thread added: 0x0000000017faf800
Event: 72.600 Thread 0x0000000024107800 Thread added: 0x0000000024107800
Event: 72.600 Thread 0x0000000024108800 Thread added: 0x0000000024108800
Event: 72.603 Thread 0x0000000017faf800 Thread exited: 0x0000000017faf800
Event: 72.627 Thread 0x0000000024107800 Thread exited: 0x0000000024107800
Event: 72.767 Thread 0x000000002400d000 Thread exited: 0x000000002400d000
Event: 72.851 Thread 0x0000000024108800 Thread exited: 0x0000000024108800
Event: 72.852 Executing VM operation: Exit


Dynamic libraries:
0x00007ff7be380000 - 0x00007ff7be3b7000 	C:\Program Files\Java\jre1.8.0_91\bin\javaw.exe
0x00007ffc8fc50000 - 0x00007ffc8fe11000 	C:\WINDOWS\SYSTEM32\ntdll.dll
0x00007ffc8e080000 - 0x00007ffc8e12d000 	C:\WINDOWS\system32\KERNEL32.DLL
0x00007ffc8c4d0000 - 0x00007ffc8c6b8000 	C:\WINDOWS\system32\KERNELBASE.dll
0x00007ffc8f690000 - 0x00007ffc8f737000 	C:\WINDOWS\system32\ADVAPI32.dll
0x00007ffc8f7b0000 - 0x00007ffc8f84d000 	C:\WINDOWS\system32\msvcrt.dll
0x00007ffc8f8c0000 - 0x00007ffc8f91b000 	C:\WINDOWS\system32\sechost.dll
0x00007ffc8d720000 - 0x00007ffc8d83c000 	C:\WINDOWS\system32\RPCRT4.dll
0x00007ffc8dec0000 - 0x00007ffc8e016000 	C:\WINDOWS\system32\USER32.dll
0x00007ffc8d840000 - 0x00007ffc8d9c6000 	C:\WINDOWS\system32\GDI32.dll
0x00007ffc80610000 - 0x00007ffc80884000 	C:\WINDOWS\WinSxS\amd64_microsoft.windows.common-controls_6595b64144ccf1df_6.0.10586.0_none_8c15ae12515e1c22\COMCTL32.dll
0x00007ffc8d370000 - 0x00007ffc8d5ed000 	C:\WINDOWS\system32\combase.dll
0x00007ffc8cf20000 - 0x00007ffc8cf8a000 	C:\WINDOWS\system32\bcryptPrimitives.dll
0x00007ffc8d050000 - 0x00007ffc8d08b000 	C:\WINDOWS\system32\IMM32.DLL
0x00007ffc8bc00000 - 0x00007ffc8bc2d000 	C:\WINDOWS\SYSTEM32\SspiCli.dll
0x00007ffc8b450000 - 0x00007ffc8b481000 	C:\WINDOWS\SYSTEM32\ntmarta.dll
0x000000005b090000 - 0x000000005b162000 	C:\Program Files\Java\jre1.8.0_91\bin\msvcr100.dll
0x000000005a5d0000 - 0x000000005ae63000 	C:\Program Files\Java\jre1.8.0_91\bin\server\jvm.dll
0x00007ffc8d9d0000 - 0x00007ffc8d9d8000 	C:\WINDOWS\system32\PSAPI.DLL
0x00007ffc8a4f0000 - 0x00007ffc8a513000 	C:\WINDOWS\SYSTEM32\WINMM.dll
0x00007ffc7cfd0000 - 0x00007ffc7cfd9000 	C:\WINDOWS\SYSTEM32\WSOCK32.dll
0x00007ffc87890000 - 0x00007ffc8789a000 	C:\WINDOWS\SYSTEM32\VERSION.dll
0x00007ffc8a4b0000 - 0x00007ffc8a4dc000 	C:\WINDOWS\SYSTEM32\WINMMBASE.dll
0x00007ffc8f850000 - 0x00007ffc8f8bb000 	C:\WINDOWS\system32\ws2_32.DLL
0x00007ffc8c750000 - 0x00007ffc8c793000 	C:\WINDOWS\system32\cfgmgr32.dll
0x000000005d8d0000 - 0x000000005d8df000 	C:\Program Files\Java\jre1.8.0_91\bin\verify.dll
0x000000005d8a0000 - 0x000000005d8c9000 	C:\Program Files\Java\jre1.8.0_91\bin\java.dll
0x000000005d880000 - 0x000000005d896000 	C:\Program Files\Java\jre1.8.0_91\bin\zip.dll
0x00007ffc8e130000 - 0x00007ffc8f68c000 	C:\WINDOWS\system32\SHELL32.dll
0x00007ffc8c800000 - 0x00007ffc8ce45000 	C:\WINDOWS\system32\windows.storage.dll
0x00007ffc8f920000 - 0x00007ffc8f972000 	C:\WINDOWS\system32\shlwapi.dll
0x00007ffc8c270000 - 0x00007ffc8c27f000 	C:\WINDOWS\system32\kernel.appcore.dll
0x00007ffc8cf90000 - 0x00007ffc8d045000 	C:\WINDOWS\system32\shcore.dll
0x00007ffc8c290000 - 0x00007ffc8c2db000 	C:\WINDOWS\system32\powrprof.dll
0x00007ffc8c2e0000 - 0x00007ffc8c2f4000 	C:\WINDOWS\system32\profapi.dll
0x0000000180000000 - 0x0000000180053000 	C:\Users\rebel\Documents\Programming\War of the Ponies\WarOfThePonies\lib\lwjgl64.dll
0x00007ffc78b50000 - 0x00007ffc78c79000 	C:\WINDOWS\SYSTEM32\OPENGL32.dll
0x00007ffc8be30000 - 0x00007ffc8be5e000 	C:\WINDOWS\SYSTEM32\GLU32.dll
0x00007ffc78a50000 - 0x00007ffc78b4a000 	C:\WINDOWS\SYSTEM32\DDRAW.dll
0x00007ffc8be20000 - 0x00007ffc8be28000 	C:\WINDOWS\SYSTEM32\DCIMAN32.dll
0x00007ffc8ab50000 - 0x00007ffc8abe6000 	C:\WINDOWS\system32\uxtheme.dll
0x00007ffc8d210000 - 0x00007ffc8d36a000 	C:\WINDOWS\system32\MSCTF.dll
0x00007ffc789c0000 - 0x00007ffc789eb000 	C:\PROGRA~2\RAPTRI~1\Raptr\ltc_help64-111387.dll
0x00007ffc8c7a0000 - 0x00007ffc8c7f5000 	C:\WINDOWS\system32\WINTRUST.dll
0x00007ffc8c280000 - 0x00007ffc8c290000 	C:\WINDOWS\system32\MSASN1.dll
0x00007ffc8c300000 - 0x00007ffc8c4c7000 	C:\WINDOWS\system32\CRYPT32.dll
0x00007ffc787d0000 - 0x00007ffc787fb000 	C:\PROGRA~2\RAPTRI~1\PlaysTV\ltc_help64-111387.dll
0x00007ffc811b0000 - 0x00007ffc811c8000 	C:\WINDOWS\SYSTEM32\atig6pxx.dll
0x0000000056fa0000 - 0x0000000058d43000 	C:\WINDOWS\SYSTEM32\atio6axx.dll
0x00007ffc8da90000 - 0x00007ffc8deb9000 	C:\WINDOWS\system32\SETUPAPI.dll
0x00007ffc8a6e0000 - 0x00007ffc8a702000 	C:\WINDOWS\SYSTEM32\dwmapi.dll
0x00007ffc78000000 - 0x00007ffc78148000 	C:\WINDOWS\SYSTEM32\atiadlxx.dll
0x00007ffc8d0c0000 - 0x00007ffc8d203000 	C:\WINDOWS\system32\ole32.dll
0x00007ffc89360000 - 0x00007ffc894e6000 	C:\WINDOWS\SYSTEM32\PROPSYS.dll
0x00007ffc8d5f0000 - 0x00007ffc8d6b1000 	C:\WINDOWS\system32\OLEAUT32.dll
0x00007ffc8b6c0000 - 0x00007ffc8b6df000 	C:\WINDOWS\SYSTEM32\USERENV.dll
0x00007ffc8a730000 - 0x00007ffc8a743000 	C:\WINDOWS\SYSTEM32\WTSAPI32.dll
0x00007ffc86320000 - 0x00007ffc86358000 	C:\WINDOWS\SYSTEM32\IPHLPAPI.DLL
0x00007ffc8c050000 - 0x00007ffc8c077000 	C:\WINDOWS\SYSTEM32\DEVOBJ.dll
0x00007ffc860e0000 - 0x00007ffc8610c000 	C:\WINDOWS\SYSTEM32\atig6txx.dll
0x00007ffc6f6f0000 - 0x00007ffc6f781000 	C:\WINDOWS\SYSTEM32\mscms.dll
0x00007ffc80e70000 - 0x00007ffc80eb2000 	C:\WINDOWS\SYSTEM32\icm32.dll
0x0000000056e00000 - 0x0000000056f98000 	C:\Program Files\Java\jre1.8.0_91\bin\awt.dll
0x00007ffc8a750000 - 0x00007ffc8a7c9000 	C:\WINDOWS\system32\apphelp.dll
0x0000000018940000 - 0x0000000018956000 	C:\Users\rebel\Documents\Programming\War of the Ponies\WarOfThePonies\lib\jinput-dx8_64.dll
0x00007ffc713d0000 - 0x00007ffc71411000 	C:\WINDOWS\SYSTEM32\DINPUT8.dll
0x00007ffc8af50000 - 0x00007ffc8af5c000 	C:\WINDOWS\SYSTEM32\HID.DLL
0x00000000189b0000 - 0x00000000189c4000 	C:\Users\rebel\Documents\Programming\War of the Ponies\WarOfThePonies\lib\jinput-raw_64.dll
0x000000005b040000 - 0x000000005b087000 	C:\Program Files\Java\jre1.8.0_91\bin\fontmanager.dll
0x00007ffc6e530000 - 0x00007ffc6e740000 	C:\WINDOWS\system32\d3d9.dll
0x000000005d4b0000 - 0x000000005d4ca000 	C:\Program Files\Java\jre1.8.0_91\bin\net.dll
0x00007ffc8b830000 - 0x00007ffc8b88c000 	C:\WINDOWS\system32\mswsock.dll
0x000000005d490000 - 0x000000005d4a1000 	C:\Program Files\Java\jre1.8.0_91\bin\nio.dll
0x000000005aff0000 - 0x000000005b032000 	C:\Program Files\Java\jre1.8.0_91\bin\t2k.dll
0x00007ffc8b8e0000 - 0x00007ffc8b8f7000 	C:\WINDOWS\SYSTEM32\CRYPTSP.dll
0x00007ffc8b570000 - 0x00007ffc8b5a4000 	C:\WINDOWS\system32\rsaenh.dll
0x00007ffc8c1b0000 - 0x00007ffc8c1d9000 	C:\WINDOWS\SYSTEM32\bcrypt.dll
0x00007ffc8ba00000 - 0x00007ffc8ba0b000 	C:\WINDOWS\SYSTEM32\CRYPTBASE.dll
0x00007ffc8fa90000 - 0x00007ffc8fa98000 	C:\WINDOWS\system32\NSI.dll
0x00007ffc85830000 - 0x00007ffc85846000 	C:\WINDOWS\SYSTEM32\dhcpcsvc6.DLL
0x00007ffc85810000 - 0x00007ffc8582a000 	C:\WINDOWS\SYSTEM32\dhcpcsvc.DLL
0x0000000056dc0000 - 0x0000000056df1000 	C:\Program Files\Java\jre1.8.0_91\bin\jpeg.dll
0x00007ffc8d090000 - 0x00007ffc8d0ac000 	C:\WINDOWS\system32\imagehlp.dll
0x00007ffc8af60000 - 0x00007ffc8af84000 	C:\WINDOWS\SYSTEM32\gpapi.dll
0x00007ffc7dfb0000 - 0x00007ffc7dfdf000 	C:\Windows\System32\cryptnet.dll
0x00007ffc85b30000 - 0x00007ffc85b3b000 	C:\WINDOWS\SYSTEM32\WINNSI.DLL
0x00007ffc57060000 - 0x00007ffc57287000 	C:\PROGRA~2\RAPTRI~1\Raptr\ltc_game64-111387.dll
0x00007ffc4c630000 - 0x00007ffc4c855000 	C:\PROGRA~2\RAPTRI~1\PlaysTV\ltc_game64-111387.dll
0x00007ffc78c80000 - 0x00007ffc78e0c000 	C:\WINDOWS\SYSTEM32\dbghelp.dll

VM Arguments:
jvm_args: -Djava.library.path=lib/ -Dfile.encoding=Cp1252 
java_command: main.Frame
java_class_path (initial): C:\Users\rebel\Documents\Programming\War of the Ponies\WarOfThePonies\bin;C:\Users\rebel\Documents\Programming\War of the Ponies\WarOfThePonies\lib\dom4j-1.6.1\dom4j-1.6.1.jar;C:\Users\rebel\Documents\Programming\War of the Ponies\WarOfThePonies\lib\lib\jinput.jar;C:\Users\rebel\Documents\Programming\War of the Ponies\WarOfThePonies\lib\lib\jnlp.jar;C:\Users\rebel\Documents\Programming\War of the Ponies\WarOfThePonies\lib\lib\lwjgl.jar;C:\Users\rebel\Documents\Programming\War of the Ponies\WarOfThePonies\lib\lib\slick.jar
Launcher Type: SUN_STANDARD

Environment Variables:
PATH=C:/Program Files/Java/jre1.8.0_91/bin/server;C:/Program Files/Java/jre1.8.0_91/bin;C:/Program Files/Java/jre1.8.0_91/lib/amd64;C:\Windows\system32;C:\Windows;C:\Windows\System32\Wbem;C:\Windows\System32\WindowsPowerShell\v1.0\;C:\Program Files (x86)\ATI Technologies\ATI.ACE\Core-Static;C:\Program Files\MiKTeX 2.9\miktex\bin\x64\;C:\Program Files\Git\cmd;C:\Program Files\Git\mingw64\bin;C:\Program Files\Git\usr\bin;C:\Program Files (x86)\Skype\Phone\;C:\Program Files (x86)\QuickTime\QTSystem\;C:\WINDOWS\system32;C:\WINDOWS;C:\WINDOWS\System32\Wbem;C:\WINDOWS\System32\WindowsPowerShell\v1.0\;C:\ProgramData\Oracle\Java\javapath;"C:\Program Files (x86)\nirsoft_package_1.19.70\SysInternals";C:\Program Files (x86)\GNUWin\;C:\Program Files (x86)\GtkSharp\2.12\bin;C:\Users\rebel\AppData\Local\Programs\Python\Python35-32\Scripts\;C:\Users\rebel\AppData\Local\Programs\Python\Python35-32\;C:\eclipse;
USERNAME=rebel
OS=Windows_NT
PROCESSOR_IDENTIFIER=AMD64 Family 21 Model 48 Stepping 1, AuthenticAMD



---------------  S Y S T E M  ---------------

OS: Windows 10.0 , 64 bit Build 10586 (10.0.10586.0)

CPU:total 4 (4 cores per cpu, 1 threads per core) family 21 model 48 stepping 1, cmov, cx8, fxsr, mmx, sse, sse2, sse3, ssse3, sse4.1, sse4.2, popcnt, avx, aes, clmul, mmxext, 3dnowpref, lzcnt, sse4a, tsc, tscinvbit, tscinv, bmi1

Memory: 4k page, physical 7285188k(2494728k free), swap 12428860k(1538104k free)

vm_info: Java HotSpot(TM) 64-Bit Server VM (25.91-b14) for windows-amd64 JRE (1.8.0_91-b14), built on Apr  1 2016 00:58:32 by "java_re" with MS VC++ 10.0 (VS2010)

time: Mon May 02 10:44:53 2016
elapsed time: 73 seconds (0d 0h 1m 13s)

